{"cells":[{"cell_type":"code","execution_count":4,"metadata":{"executionInfo":{"elapsed":41,"status":"ok","timestamp":1766774991893,"user":{"displayName":"Om Kalathiya","userId":"06926395300130970487"},"user_tz":-330},"id":"vIXGmQUMqyRo"},"outputs":[],"source":["import pandas as pd"]},{"cell_type":"code","execution_count":5,"metadata":{"executionInfo":{"elapsed":39,"status":"ok","timestamp":1766774991999,"user":{"displayName":"Om Kalathiya","userId":"06926395300130970487"},"user_tz":-330},"id":"c1sEAZ2ntC2X"},"outputs":[],"source":["url = \"/content/Retail Data.csv\"\n","df= pd.read_csv(url)\n"]},{"cell_type":"code","execution_count":6,"metadata":{"colab":{"base_uri":"https://localhost:8080/","height":1000},"executionInfo":{"elapsed":88,"status":"ok","timestamp":1766774992092,"user":{"displayName":"Om Kalathiya","userId":"06926395300130970487"},"user_tz":-330},"id":"edXDqDKJteG6","outputId":"4663762e-12d7-423a-ef29-d0922df66763"},"outputs":[{"output_type":"stream","name":"stdout","text":["<class 'pandas.core.frame.DataFrame'>\n","RangeIndex: 5000 entries, 0 to 4999\n","Data columns (total 24 columns):\n"," #   Column             Non-Null Count  Dtype  \n","---  ------             --------------  -----  \n"," 0   Order No           5000 non-null   object \n"," 1   Order Date         5000 non-null   object \n"," 2   Customer Name      5000 non-null   object \n"," 3   Address            4999 non-null   object \n"," 4   City               5000 non-null   object \n"," 5   State              5000 non-null   object \n"," 6   Customer Type      5000 non-null   object \n"," 7   Account Manager    5000 non-null   object \n"," 8   Order Priority     5000 non-null   object \n"," 9   Product Name       5000 non-null   object \n"," 10  Product Category   5000 non-null   object \n"," 11  Product Container  5000 non-null   object \n"," 12  Ship Mode          5000 non-null   object \n"," 13  Ship Date          5000 non-null   object \n"," 14  Cost Price         5000 non-null   object \n"," 15  Retail Price       5000 non-null   object \n"," 16  Profit Margin      5000 non-null   object \n"," 17  Order Quantity     4999 non-null   float64\n"," 18  Sub Total          5000 non-null   object \n"," 19  Discount %         5000 non-null   object \n"," 20  Discount $         5000 non-null   object \n"," 21  Order Total        5000 non-null   object \n"," 22  Shipping Cost      5000 non-null   object \n"," 23  Total              5000 non-null   object \n","dtypes: float64(1), object(23)\n","memory usage: 937.6+ KB\n"]},{"output_type":"execute_result","data":{"text/plain":["  Order No  Order Date           Customer Name  \\\n","0   4293-1  02-09-2014        Vivek Sundaresam   \n","1   5001-1  24-10-2015          Shahid Hopkins   \n","2   5004-1  13-03-2014           Dennis Pardue   \n","3   5009-1  18-02-2013              Sean Wendt   \n","4   5010-1  13-09-2014  Christina Vanderzanden   \n","\n","                          Address       City State   Customer Type  \\\n","0  152 Bunnerong Road,Eastgardens     Sydney   NSW  Small Business   \n","1   438 Victoria Avenue,Chatswood     Sydney   NSW       Corporate   \n","2        412 Brunswick St,Fitzroy  Melbourne   VIC        Consumer   \n","3        145 Ramsay St,Haberfield     Sydney   NSW  Small Business   \n","4          188 Pitt Street,Sydney     Sydney   NSW  Small Business   \n","\n","  Account Manager Order Priority  \\\n","0    Tina Carlton       Critical   \n","1    Natasha Song         Medium   \n","2    Connor Betts  Not Specified   \n","3     Phoebe Gour       Critical   \n","4    Tina Carlton  Not Specified   \n","\n","                                     Product Name  ... Cost Price  \\\n","0  UGen Ultra Professional Cordless Optical Suite  ...    $156.50   \n","1                             Bagged Rubber Bands  ...      $0.24   \n","2                 TechSavi Cordless Navigator Duo  ...     $42.11   \n","3   Artisan Printable Repositionable Plastic Tabs  ...      $5.33   \n","4                       Pizazz Drawing Pencil Set  ...      $1.53   \n","\n","  Retail Price Profit Margin Order Quantity  Sub Total Discount % Discount $  \\\n","0      $300.97       $144.47           23.0  $4,533.52         2%    $194.83   \n","1        $1.26         $1.02            8.0     $45.20         3%      $0.00   \n","2       $80.98        $38.87           45.0    $873.32         4%     $72.23   \n","3        $8.60         $3.27           16.0     $73.52         1%      $4.35   \n","4        $2.78         $1.25           49.0    $138.46         7%      $5.95   \n","\n","   Order Total Shipping Cost      Total  \n","0    $4,757.22         $7.18  $4,291.55  \n","1       $45.90         $0.70     $46.91  \n","2      $837.57         $7.18     $82.58  \n","3      $740.67         $6.19    $730.92  \n","4      $123.77         $1.34    $125.97  \n","\n","[5 rows x 24 columns]"],"text/html":["\n","  <div id=\"df-92e750d8-3e2b-43ae-8bf0-44eb1a4c8e96\" class=\"colab-df-container\">\n","    <div>\n","<style scoped>\n","    .dataframe tbody tr th:only-of-type {\n","        vertical-align: middle;\n","    }\n","\n","    .dataframe tbody tr th {\n","        vertical-align: top;\n","    }\n","\n","    .dataframe thead th {\n","        text-align: right;\n","    }\n","</style>\n","<table border=\"1\" class=\"dataframe\">\n","  <thead>\n","    <tr style=\"text-align: right;\">\n","      <th></th>\n","      <th>Order No</th>\n","      <th>Order Date</th>\n","      <th>Customer Name</th>\n","      <th>Address</th>\n","      <th>City</th>\n","      <th>State</th>\n","      <th>Customer Type</th>\n","      <th>Account Manager</th>\n","      <th>Order Priority</th>\n","      <th>Product Name</th>\n","      <th>...</th>\n","      <th>Cost Price</th>\n","      <th>Retail Price</th>\n","      <th>Profit Margin</th>\n","      <th>Order Quantity</th>\n","      <th>Sub Total</th>\n","      <th>Discount %</th>\n","      <th>Discount $</th>\n","      <th>Order Total</th>\n","      <th>Shipping Cost</th>\n","      <th>Total</th>\n","    </tr>\n","  </thead>\n","  <tbody>\n","    <tr>\n","      <th>0</th>\n","      <td>4293-1</td>\n","      <td>02-09-2014</td>\n","      <td>Vivek Sundaresam</td>\n","      <td>152 Bunnerong Road,Eastgardens</td>\n","      <td>Sydney</td>\n","      <td>NSW</td>\n","      <td>Small Business</td>\n","      <td>Tina Carlton</td>\n","      <td>Critical</td>\n","      <td>UGen Ultra Professional Cordless Optical Suite</td>\n","      <td>...</td>\n","      <td>$156.50</td>\n","      <td>$300.97</td>\n","      <td>$144.47</td>\n","      <td>23.0</td>\n","      <td>$4,533.52</td>\n","      <td>2%</td>\n","      <td>$194.83</td>\n","      <td>$4,757.22</td>\n","      <td>$7.18</td>\n","      <td>$4,291.55</td>\n","    </tr>\n","    <tr>\n","      <th>1</th>\n","      <td>5001-1</td>\n","      <td>24-10-2015</td>\n","      <td>Shahid Hopkins</td>\n","      <td>438 Victoria Avenue,Chatswood</td>\n","      <td>Sydney</td>\n","      <td>NSW</td>\n","      <td>Corporate</td>\n","      <td>Natasha Song</td>\n","      <td>Medium</td>\n","      <td>Bagged Rubber Bands</td>\n","      <td>...</td>\n","      <td>$0.24</td>\n","      <td>$1.26</td>\n","      <td>$1.02</td>\n","      <td>8.0</td>\n","      <td>$45.20</td>\n","      <td>3%</td>\n","      <td>$0.00</td>\n","      <td>$45.90</td>\n","      <td>$0.70</td>\n","      <td>$46.91</td>\n","    </tr>\n","    <tr>\n","      <th>2</th>\n","      <td>5004-1</td>\n","      <td>13-03-2014</td>\n","      <td>Dennis Pardue</td>\n","      <td>412 Brunswick St,Fitzroy</td>\n","      <td>Melbourne</td>\n","      <td>VIC</td>\n","      <td>Consumer</td>\n","      <td>Connor Betts</td>\n","      <td>Not Specified</td>\n","      <td>TechSavi Cordless Navigator Duo</td>\n","      <td>...</td>\n","      <td>$42.11</td>\n","      <td>$80.98</td>\n","      <td>$38.87</td>\n","      <td>45.0</td>\n","      <td>$873.32</td>\n","      <td>4%</td>\n","      <td>$72.23</td>\n","      <td>$837.57</td>\n","      <td>$7.18</td>\n","      <td>$82.58</td>\n","    </tr>\n","    <tr>\n","      <th>3</th>\n","      <td>5009-1</td>\n","      <td>18-02-2013</td>\n","      <td>Sean Wendt</td>\n","      <td>145 Ramsay St,Haberfield</td>\n","      <td>Sydney</td>\n","      <td>NSW</td>\n","      <td>Small Business</td>\n","      <td>Phoebe Gour</td>\n","      <td>Critical</td>\n","      <td>Artisan Printable Repositionable Plastic Tabs</td>\n","      <td>...</td>\n","      <td>$5.33</td>\n","      <td>$8.60</td>\n","      <td>$3.27</td>\n","      <td>16.0</td>\n","      <td>$73.52</td>\n","      <td>1%</td>\n","      <td>$4.35</td>\n","      <td>$740.67</td>\n","      <td>$6.19</td>\n","      <td>$730.92</td>\n","    </tr>\n","    <tr>\n","      <th>4</th>\n","      <td>5010-1</td>\n","      <td>13-09-2014</td>\n","      <td>Christina Vanderzanden</td>\n","      <td>188 Pitt Street,Sydney</td>\n","      <td>Sydney</td>\n","      <td>NSW</td>\n","      <td>Small Business</td>\n","      <td>Tina Carlton</td>\n","      <td>Not Specified</td>\n","      <td>Pizazz Drawing Pencil Set</td>\n","      <td>...</td>\n","      <td>$1.53</td>\n","      <td>$2.78</td>\n","      <td>$1.25</td>\n","      <td>49.0</td>\n","      <td>$138.46</td>\n","      <td>7%</td>\n","      <td>$5.95</td>\n","      <td>$123.77</td>\n","      <td>$1.34</td>\n","      <td>$125.97</td>\n","    </tr>\n","  </tbody>\n","</table>\n","<p>5 rows Ã— 24 columns</p>\n","</div>\n","    <div class=\"colab-df-buttons\">\n","\n","  <div class=\"colab-df-container\">\n","    <button class=\"colab-df-convert\" onclick=\"convertToInteractive('df-92e750d8-3e2b-43ae-8bf0-44eb1a4c8e96')\"\n","            title=\"Convert this dataframe to an interactive table.\"\n","            style=\"display:none;\">\n","\n","  <svg xmlns=\"http://www.w3.org/2000/svg\" height=\"24px\" viewBox=\"0 -960 960 960\">\n","    <path d=\"M120-120v-720h720v720H120Zm60-500h600v-160H180v160Zm220 220h160v-160H400v160Zm0 220h160v-160H400v160ZM180-400h160v-160H180v160Zm440 0h160v-160H620v160ZM180-180h160v-160H180v160Zm440 0h160v-160H620v160Z\"/>\n","  </svg>\n","    </button>\n","\n","  <style>\n","    .colab-df-container {\n","      display:flex;\n","      gap: 12px;\n","    }\n","\n","    .colab-df-convert {\n","      background-color: #E8F0FE;\n","      border: none;\n","      border-radius: 50%;\n","      cursor: pointer;\n","      display: none;\n","      fill: #1967D2;\n","      height: 32px;\n","      padding: 0 0 0 0;\n","      width: 32px;\n","    }\n","\n","    .colab-df-convert:hover {\n","      background-color: #E2EBFA;\n","      box-shadow: 0px 1px 2px rgba(60, 64, 67, 0.3), 0px 1px 3px 1px rgba(60, 64, 67, 0.15);\n","      fill: #174EA6;\n","    }\n","\n","    .colab-df-buttons div {\n","      margin-bottom: 4px;\n","    }\n","\n","    [theme=dark] .colab-df-convert {\n","      background-color: #3B4455;\n","      fill: #D2E3FC;\n","    }\n","\n","    [theme=dark] .colab-df-convert:hover {\n","      background-color: #434B5C;\n","      box-shadow: 0px 1px 3px 1px rgba(0, 0, 0, 0.15);\n","      filter: drop-shadow(0px 1px 2px rgba(0, 0, 0, 0.3));\n","      fill: #FFFFFF;\n","    }\n","  </style>\n","\n","    <script>\n","      const buttonEl =\n","        document.querySelector('#df-92e750d8-3e2b-43ae-8bf0-44eb1a4c8e96 button.colab-df-convert');\n","      buttonEl.style.display =\n","        google.colab.kernel.accessAllowed ? 'block' : 'none';\n","\n","      async function convertToInteractive(key) {\n","        const element = document.querySelector('#df-92e750d8-3e2b-43ae-8bf0-44eb1a4c8e96');\n","        const dataTable =\n","          await google.colab.kernel.invokeFunction('convertToInteractive',\n","                                                    [key], {});\n","        if (!dataTable) return;\n","\n","        const docLinkHtml = 'Like what you see? Visit the ' +\n","          '<a target=\"_blank\" href=https://colab.research.google.com/notebooks/data_table.ipynb>data table notebook</a>'\n","          + ' to learn more about interactive tables.';\n","        element.innerHTML = '';\n","        dataTable['output_type'] = 'display_data';\n","        await google.colab.output.renderOutput(dataTable, element);\n","        const docLink = document.createElement('div');\n","        docLink.innerHTML = docLinkHtml;\n","        element.appendChild(docLink);\n","      }\n","    </script>\n","  </div>\n","\n","\n","    <div id=\"df-62c08214-a217-4199-9e4c-100ccdd11f1c\">\n","      <button class=\"colab-df-quickchart\" onclick=\"quickchart('df-62c08214-a217-4199-9e4c-100ccdd11f1c')\"\n","                title=\"Suggest charts\"\n","                style=\"display:none;\">\n","\n","<svg xmlns=\"http://www.w3.org/2000/svg\" height=\"24px\"viewBox=\"0 0 24 24\"\n","     width=\"24px\">\n","    <g>\n","        <path d=\"M19 3H5c-1.1 0-2 .9-2 2v14c0 1.1.9 2 2 2h14c1.1 0 2-.9 2-2V5c0-1.1-.9-2-2-2zM9 17H7v-7h2v7zm4 0h-2V7h2v10zm4 0h-2v-4h2v4z\"/>\n","    </g>\n","</svg>\n","      </button>\n","\n","<style>\n","  .colab-df-quickchart {\n","      --bg-color: #E8F0FE;\n","      --fill-color: #1967D2;\n","      --hover-bg-color: #E2EBFA;\n","      --hover-fill-color: #174EA6;\n","      --disabled-fill-color: #AAA;\n","      --disabled-bg-color: #DDD;\n","  }\n","\n","  [theme=dark] .colab-df-quickchart {\n","      --bg-color: #3B4455;\n","      --fill-color: #D2E3FC;\n","      --hover-bg-color: #434B5C;\n","      --hover-fill-color: #FFFFFF;\n","      --disabled-bg-color: #3B4455;\n","      --disabled-fill-color: #666;\n","  }\n","\n","  .colab-df-quickchart {\n","    background-color: var(--bg-color);\n","    border: none;\n","    border-radius: 50%;\n","    cursor: pointer;\n","    display: none;\n","    fill: var(--fill-color);\n","    height: 32px;\n","    padding: 0;\n","    width: 32px;\n","  }\n","\n","  .colab-df-quickchart:hover {\n","    background-color: var(--hover-bg-color);\n","    box-shadow: 0 1px 2px rgba(60, 64, 67, 0.3), 0 1px 3px 1px rgba(60, 64, 67, 0.15);\n","    fill: var(--button-hover-fill-color);\n","  }\n","\n","  .colab-df-quickchart-complete:disabled,\n","  .colab-df-quickchart-complete:disabled:hover {\n","    background-color: var(--disabled-bg-color);\n","    fill: var(--disabled-fill-color);\n","    box-shadow: none;\n","  }\n","\n","  .colab-df-spinner {\n","    border: 2px solid var(--fill-color);\n","    border-color: transparent;\n","    border-bottom-color: var(--fill-color);\n","    animation:\n","      spin 1s steps(1) infinite;\n","  }\n","\n","  @keyframes spin {\n","    0% {\n","      border-color: transparent;\n","      border-bottom-color: var(--fill-color);\n","      border-left-color: var(--fill-color);\n","    }\n","    20% {\n","      border-color: transparent;\n","      border-left-color: var(--fill-color);\n","      border-top-color: var(--fill-color);\n","    }\n","    30% {\n","      border-color: transparent;\n","      border-left-color: var(--fill-color);\n","      border-top-color: var(--fill-color);\n","      border-right-color: var(--fill-color);\n","    }\n","    40% {\n","      border-color: transparent;\n","      border-right-color: var(--fill-color);\n","      border-top-color: var(--fill-color);\n","    }\n","    60% {\n","      border-color: transparent;\n","      border-right-color: var(--fill-color);\n","    }\n","    80% {\n","      border-color: transparent;\n","      border-right-color: var(--fill-color);\n","      border-bottom-color: var(--fill-color);\n","    }\n","    90% {\n","      border-color: transparent;\n","      border-bottom-color: var(--fill-color);\n","    }\n","  }\n","</style>\n","\n","      <script>\n","        async function quickchart(key) {\n","          const quickchartButtonEl =\n","            document.querySelector('#' + key + ' button');\n","          quickchartButtonEl.disabled = true;  // To prevent multiple clicks.\n","          quickchartButtonEl.classList.add('colab-df-spinner');\n","          try {\n","            const charts = await google.colab.kernel.invokeFunction(\n","                'suggestCharts', [key], {});\n","          } catch (error) {\n","            console.error('Error during call to suggestCharts:', error);\n","          }\n","          quickchartButtonEl.classList.remove('colab-df-spinner');\n","          quickchartButtonEl.classList.add('colab-df-quickchart-complete');\n","        }\n","        (() => {\n","          let quickchartButtonEl =\n","            document.querySelector('#df-62c08214-a217-4199-9e4c-100ccdd11f1c button');\n","          quickchartButtonEl.style.display =\n","            google.colab.kernel.accessAllowed ? 'block' : 'none';\n","        })();\n","      </script>\n","    </div>\n","\n","    </div>\n","  </div>\n"],"application/vnd.google.colaboratory.intrinsic+json":{"type":"dataframe","variable_name":"df"}},"metadata":{},"execution_count":6}],"source":["df.info()\n","df.head()"]},{"cell_type":"code","execution_count":7,"metadata":{"colab":{"base_uri":"https://localhost:8080/"},"executionInfo":{"elapsed":17,"status":"ok","timestamp":1766774992190,"user":{"displayName":"Om Kalathiya","userId":"06926395300130970487"},"user_tz":-330},"id":"BL61VxKUv-HW","outputId":"42a84c47-dcda-460c-f13b-38857e527da2"},"outputs":[{"output_type":"stream","name":"stdout","text":["Rows: 5000, Columns: 24\n"]}],"source":["print(f\"Rows: {df.shape[0]}, Columns: {df.shape[1]}\")"]},{"cell_type":"code","execution_count":8,"metadata":{"colab":{"base_uri":"https://localhost:8080/"},"executionInfo":{"elapsed":42,"status":"ok","timestamp":1766774992237,"user":{"displayName":"Om Kalathiya","userId":"06926395300130970487"},"user_tz":-330},"id":"FUP--BgbxfNx","outputId":"b8b1bc68-de2a-4db5-c58f-5097a8c1a298"},"outputs":[{"output_type":"stream","name":"stdout","text":["Number of duplicate rows: 0\n"]}],"source":["duplicates = df.duplicated().sum()\n","print(f\"Number of duplicate rows: {duplicates}\")"]},{"cell_type":"code","execution_count":9,"metadata":{"colab":{"base_uri":"https://localhost:8080/"},"executionInfo":{"elapsed":8,"status":"ok","timestamp":1766774992254,"user":{"displayName":"Om Kalathiya","userId":"06926395300130970487"},"user_tz":-330},"id":"saqJuHrkxpbq","outputId":"55474b22-55ba-4b85-e873-d8e124db07c2"},"outputs":[{"output_type":"stream","name":"stdout","text":["Order No             0\n","Order Date           0\n","Customer Name        0\n","Address              1\n","City                 0\n","State                0\n","Customer Type        0\n","Account Manager      0\n","Order Priority       0\n","Product Name         0\n","Product Category     0\n","Product Container    0\n","Ship Mode            0\n","Ship Date            0\n","Cost Price           0\n","Retail Price         0\n","Profit Margin        0\n","Order Quantity       1\n","Sub Total            0\n","Discount %           0\n","Discount $           0\n","Order Total          0\n","Shipping Cost        0\n","Total                0\n","dtype: int64\n"]}],"source":["print(df.isnull().sum())"]},{"cell_type":"code","execution_count":10,"metadata":{"colab":{"base_uri":"https://localhost:8080/"},"executionInfo":{"elapsed":100,"status":"ok","timestamp":1766774992356,"user":{"displayName":"Om Kalathiya","userId":"06926395300130970487"},"user_tz":-330},"id":"Uu3kxas_yHdo","outputId":"b4af0033-c308-40e2-b8da-8d984a2b04f8"},"outputs":[{"output_type":"stream","name":"stdout","text":["     Order Date  Ship Date\n","0    2014-09-02 2014-09-04\n","1    2015-10-24 2015-10-26\n","2    2014-03-13 2014-03-13\n","3    2013-02-18 2013-02-20\n","4    2014-09-13 2014-09-17\n","...         ...        ...\n","4995 2016-11-02 2016-11-06\n","4996 2015-12-16 2015-12-18\n","4997 2016-09-28 2016-09-30\n","4998 2016-06-18 2016-06-20\n","4999 2015-08-12 2015-08-14\n","\n","[5000 rows x 2 columns]\n"]}],"source":["df['Order Date'] = pd.to_datetime(df['Order Date'], format='%d-%m-%Y', errors='coerce')\n","df['Ship Date'] = pd.to_datetime(df['Ship Date'], format='%d-%m-%Y', errors='coerce')\n","\n","print(df[['Order Date', 'Ship Date']])"]},{"cell_type":"code","execution_count":11,"metadata":{"executionInfo":{"elapsed":5,"status":"ok","timestamp":1766774992365,"user":{"displayName":"Om Kalathiya","userId":"06926395300130970487"},"user_tz":-330},"id":"5M92tMjUyMzy"},"outputs":[],"source":["\n","cols_to_clean = ['Unit Price', 'Shipping Cost', 'Total', 'Profit']\n","\n","for col in cols_to_clean:\n","    if col in df.columns:\n","        df[col] = df[col].astype(str).str.replace('$', '', regex=False)\n","        df[col] = df[col].str.replace(',', '', regex=False)\n","        df[col] = pd.to_numeric(df[col], errors='coerce')\n","\n"]},{"cell_type":"code","execution_count":12,"metadata":{"colab":{"base_uri":"https://localhost:8080/"},"executionInfo":{"elapsed":15,"status":"ok","timestamp":1766774992383,"user":{"displayName":"Om Kalathiya","userId":"06926395300130970487"},"user_tz":-330},"id":"l_9XgpzNQAb0","outputId":"8b0e9a26-8a52-4f0f-b77b-e021777b4137"},"outputs":[{"output_type":"stream","name":"stdout","text":["Customer Types: ['Small Business' 'Corporate' 'Consumer' 'Home Office']\n","Order Priorities: ['Critical' 'Medium' 'Not Specified' 'Low' 'High']\n"]}],"source":["print(\"Customer Types:\", df['Customer Type'].unique())\n","print(\"Order Priorities:\", df['Order Priority'].unique())"]},{"cell_type":"code","execution_count":13,"metadata":{"colab":{"base_uri":"https://localhost:8080/"},"executionInfo":{"elapsed":7,"status":"ok","timestamp":1766774992392,"user":{"displayName":"Om Kalathiya","userId":"06926395300130970487"},"user_tz":-330},"id":"GpO98lKW9Q17","outputId":"2ae6d5b8-51b8-458f-c203-182249fb7f67"},"outputs":[{"output_type":"stream","name":"stdout","text":["Ship Mode\n","Regular Air       4236\n","Express Air        647\n","Delivery Truck     117\n","Name: count, dtype: int64\n"]}],"source":["print(df['Ship Mode'].value_counts())"]},{"cell_type":"code","execution_count":14,"metadata":{"colab":{"base_uri":"https://localhost:8080/"},"executionInfo":{"elapsed":7,"status":"ok","timestamp":1766774992403,"user":{"displayName":"Om Kalathiya","userId":"06926395300130970487"},"user_tz":-330},"id":"ZZDvkg1k9yuV","outputId":"f8a314fb-e6ab-4b47-e2fd-d44009046b66"},"outputs":[{"output_type":"stream","name":"stdout","text":["City\n","Sydney       3584\n","Melbourne    1416\n","Name: count, dtype: int64\n"]}],"source":["print(df['City'].value_counts().head(5))"]},{"cell_type":"code","execution_count":15,"metadata":{"colab":{"base_uri":"https://localhost:8080/"},"executionInfo":{"elapsed":12,"status":"ok","timestamp":1766774992414,"user":{"displayName":"Om Kalathiya","userId":"06926395300130970487"},"user_tz":-330},"id":"z0dXASaGF9o_","outputId":"1d2fc915-5d64-4ca4-c73d-77a5df33b2f4"},"outputs":[{"output_type":"stream","name":"stdout","text":["Available Columns: ['Order No', 'Order Date', 'Customer Name', 'Address', 'City', 'State', 'Customer Type', 'Account Manager', 'Order Priority', 'Product Name', 'Product Category', 'Product Container', 'Ship Mode', 'Ship Date', 'Cost Price', 'Retail Price', 'Profit Margin', 'Order Quantity', 'Sub Total', 'Discount %', 'Discount $', 'Order Total', 'Shipping Cost', 'Total']\n"]}],"source":["print(\"Available Columns:\", df.columns.tolist())\n","\n"]},{"cell_type":"code","execution_count":16,"metadata":{"colab":{"base_uri":"https://localhost:8080/","height":193},"executionInfo":{"elapsed":107,"status":"error","timestamp":1766774992523,"user":{"displayName":"Om Kalathiya","userId":"06926395300130970487"},"user_tz":-330},"id":"Oj6qhdsDGcUF","outputId":"a5795886-fac1-4c16-a54e-26c103cbf047"},"outputs":[{"output_type":"error","ename":"TypeError","evalue":"unsupported operand type(s) for -: 'str' and 'str'","traceback":["\u001b[0;31m---------------------------------------------------------------------------\u001b[0m","\u001b[0;31mTypeError\u001b[0m                                 Traceback (most recent call last)","\u001b[0;32m/tmp/ipython-input-903231798.py\u001b[0m in \u001b[0;36m<cell line: 0>\u001b[0;34m()\u001b[0m\n\u001b[1;32m      1\u001b[0m \u001b[0mqty_range\u001b[0m \u001b[0;34m=\u001b[0m \u001b[0mdf\u001b[0m\u001b[0;34m[\u001b[0m\u001b[0;34m'Order Quantity'\u001b[0m\u001b[0;34m]\u001b[0m\u001b[0;34m.\u001b[0m\u001b[0mmax\u001b[0m\u001b[0;34m(\u001b[0m\u001b[0;34m)\u001b[0m \u001b[0;34m-\u001b[0m \u001b[0mdf\u001b[0m\u001b[0;34m[\u001b[0m\u001b[0;34m'Order Quantity'\u001b[0m\u001b[0;34m]\u001b[0m\u001b[0;34m.\u001b[0m\u001b[0mmin\u001b[0m\u001b[0;34m(\u001b[0m\u001b[0;34m)\u001b[0m\u001b[0;34m\u001b[0m\u001b[0;34m\u001b[0m\u001b[0m\n\u001b[0;32m----> 2\u001b[0;31m \u001b[0mprice_range\u001b[0m \u001b[0;34m=\u001b[0m \u001b[0mdf\u001b[0m\u001b[0;34m[\u001b[0m\u001b[0;34m'Retail Price'\u001b[0m\u001b[0;34m]\u001b[0m\u001b[0;34m.\u001b[0m\u001b[0mmax\u001b[0m\u001b[0;34m(\u001b[0m\u001b[0;34m)\u001b[0m \u001b[0;34m-\u001b[0m \u001b[0mdf\u001b[0m\u001b[0;34m[\u001b[0m\u001b[0;34m'Retail Price'\u001b[0m\u001b[0;34m]\u001b[0m\u001b[0;34m.\u001b[0m\u001b[0mmin\u001b[0m\u001b[0;34m(\u001b[0m\u001b[0;34m)\u001b[0m\u001b[0;34m\u001b[0m\u001b[0;34m\u001b[0m\u001b[0m\n\u001b[0m\u001b[1;32m      3\u001b[0m \u001b[0mprint\u001b[0m\u001b[0;34m(\u001b[0m\u001b[0;34mf\"11. Order Quantity Range: {qty_range}\"\u001b[0m\u001b[0;34m)\u001b[0m\u001b[0;34m\u001b[0m\u001b[0;34m\u001b[0m\u001b[0m\n\u001b[1;32m      4\u001b[0m \u001b[0mprint\u001b[0m\u001b[0;34m(\u001b[0m\u001b[0;34mf\"    Unit Price Range: {price_range}\"\u001b[0m\u001b[0;34m)\u001b[0m\u001b[0;34m\u001b[0m\u001b[0;34m\u001b[0m\u001b[0m\n","\u001b[0;31mTypeError\u001b[0m: unsupported operand type(s) for -: 'str' and 'str'"]}],"source":["qty_range = df['Order Quantity'].max() - df['Order Quantity'].min()\n","price_range = df['Retail Price'].max() - df['Retail Price'].min()\n","print(f\"11. Order Quantity Range: {qty_range}\")\n","print(f\"    Unit Price Range: {price_range}\")"]},{"cell_type":"code","execution_count":17,"metadata":{"colab":{"base_uri":"https://localhost:8080/"},"executionInfo":{"elapsed":48,"status":"ok","timestamp":1766774999095,"user":{"displayName":"Om Kalathiya","userId":"06926395300130970487"},"user_tz":-330},"outputId":"301b52ad-5610-4315-a3f1-6b4b1d6234db","id":"crIhg5cZbuad"},"outputs":[{"output_type":"stream","name":"stdout","text":["12. 'Shipping Duration' column created.\n"]}],"source":["df['Shipping Duration'] = (df['Ship Date'] - df['Order Date']).dt.days\n","print(\"12. 'Shipping Duration' column created.\")"]},{"cell_type":"code","source":["invalid_orders = df[(df['Total'] <= 0) | (df['Order Quantity'] <= 0)]\n","print(f\"13. Orders with zero or negative values: {len(invalid_orders)}\")"],"metadata":{"colab":{"base_uri":"https://localhost:8080/"},"id":"RqebGREBFdd8","executionInfo":{"status":"ok","timestamp":1766775000088,"user_tz":-330,"elapsed":35,"user":{"displayName":"Om Kalathiya","userId":"06926395300130970487"}},"outputId":"bf9ccd51-802c-4225-ed89-3af7ece1e7f2"},"execution_count":18,"outputs":[{"output_type":"stream","name":"stdout","text":["13. Orders with zero or negative values: 0\n"]}]},{"cell_type":"code","source":["df['Calculated Total'] = (df['Retail Price'] * df['Order Quantity']) + df['Shipping Cost']\n","mismatch = df[abs(df['Total'] - df['Calculated Total']) > 1.0] # Allow $1.00 rounding error\n","print(f\"15. Rows with mismatched totals: {len(mismatch)}\")"],"metadata":{"colab":{"base_uri":"https://localhost:8080/","height":408},"id":"YcO170lncHh_","executionInfo":{"status":"error","timestamp":1766775001205,"user_tz":-330,"elapsed":67,"user":{"displayName":"Om Kalathiya","userId":"06926395300130970487"}},"outputId":"f5b56ee6-8ab6-49d8-f92c-91f2eb7e3c41"},"execution_count":19,"outputs":[{"output_type":"error","ename":"TypeError","evalue":"can't multiply sequence by non-int of type 'float'","traceback":["\u001b[0;31m---------------------------------------------------------------------------\u001b[0m","\u001b[0;31mTypeError\u001b[0m                                 Traceback (most recent call last)","\u001b[0;32m/usr/local/lib/python3.12/dist-packages/pandas/core/ops/array_ops.py\u001b[0m in \u001b[0;36m_na_arithmetic_op\u001b[0;34m(left, right, op, is_cmp)\u001b[0m\n\u001b[1;32m    217\u001b[0m     \u001b[0;32mtry\u001b[0m\u001b[0;34m:\u001b[0m\u001b[0;34m\u001b[0m\u001b[0;34m\u001b[0m\u001b[0m\n\u001b[0;32m--> 218\u001b[0;31m         \u001b[0mresult\u001b[0m \u001b[0;34m=\u001b[0m \u001b[0mfunc\u001b[0m\u001b[0;34m(\u001b[0m\u001b[0mleft\u001b[0m\u001b[0;34m,\u001b[0m \u001b[0mright\u001b[0m\u001b[0;34m)\u001b[0m\u001b[0;34m\u001b[0m\u001b[0;34m\u001b[0m\u001b[0m\n\u001b[0m\u001b[1;32m    219\u001b[0m     \u001b[0;32mexcept\u001b[0m \u001b[0mTypeError\u001b[0m\u001b[0;34m:\u001b[0m\u001b[0;34m\u001b[0m\u001b[0;34m\u001b[0m\u001b[0m\n","\u001b[0;32m/usr/local/lib/python3.12/dist-packages/pandas/core/computation/expressions.py\u001b[0m in \u001b[0;36mevaluate\u001b[0;34m(op, a, b, use_numexpr)\u001b[0m\n\u001b[1;32m    241\u001b[0m             \u001b[0;31m# error: \"None\" not callable\u001b[0m\u001b[0;34m\u001b[0m\u001b[0;34m\u001b[0m\u001b[0m\n\u001b[0;32m--> 242\u001b[0;31m             \u001b[0;32mreturn\u001b[0m \u001b[0m_evaluate\u001b[0m\u001b[0;34m(\u001b[0m\u001b[0mop\u001b[0m\u001b[0;34m,\u001b[0m \u001b[0mop_str\u001b[0m\u001b[0;34m,\u001b[0m \u001b[0ma\u001b[0m\u001b[0;34m,\u001b[0m \u001b[0mb\u001b[0m\u001b[0;34m)\u001b[0m  \u001b[0;31m# type: ignore[misc]\u001b[0m\u001b[0;34m\u001b[0m\u001b[0;34m\u001b[0m\u001b[0m\n\u001b[0m\u001b[1;32m    243\u001b[0m     \u001b[0;32mreturn\u001b[0m \u001b[0m_evaluate_standard\u001b[0m\u001b[0;34m(\u001b[0m\u001b[0mop\u001b[0m\u001b[0;34m,\u001b[0m \u001b[0mop_str\u001b[0m\u001b[0;34m,\u001b[0m \u001b[0ma\u001b[0m\u001b[0;34m,\u001b[0m \u001b[0mb\u001b[0m\u001b[0;34m)\u001b[0m\u001b[0;34m\u001b[0m\u001b[0;34m\u001b[0m\u001b[0m\n","\u001b[0;32m/usr/local/lib/python3.12/dist-packages/pandas/core/computation/expressions.py\u001b[0m in \u001b[0;36m_evaluate_numexpr\u001b[0;34m(op, op_str, a, b)\u001b[0m\n\u001b[1;32m    130\u001b[0m     \u001b[0;32mif\u001b[0m \u001b[0mresult\u001b[0m \u001b[0;32mis\u001b[0m \u001b[0;32mNone\u001b[0m\u001b[0;34m:\u001b[0m\u001b[0;34m\u001b[0m\u001b[0;34m\u001b[0m\u001b[0m\n\u001b[0;32m--> 131\u001b[0;31m         \u001b[0mresult\u001b[0m \u001b[0;34m=\u001b[0m \u001b[0m_evaluate_standard\u001b[0m\u001b[0;34m(\u001b[0m\u001b[0mop\u001b[0m\u001b[0;34m,\u001b[0m \u001b[0mop_str\u001b[0m\u001b[0;34m,\u001b[0m \u001b[0ma\u001b[0m\u001b[0;34m,\u001b[0m \u001b[0mb\u001b[0m\u001b[0;34m)\u001b[0m\u001b[0;34m\u001b[0m\u001b[0;34m\u001b[0m\u001b[0m\n\u001b[0m\u001b[1;32m    132\u001b[0m \u001b[0;34m\u001b[0m\u001b[0m\n","\u001b[0;32m/usr/local/lib/python3.12/dist-packages/pandas/core/computation/expressions.py\u001b[0m in \u001b[0;36m_evaluate_standard\u001b[0;34m(op, op_str, a, b)\u001b[0m\n\u001b[1;32m     72\u001b[0m         \u001b[0m_store_test_result\u001b[0m\u001b[0;34m(\u001b[0m\u001b[0;32mFalse\u001b[0m\u001b[0;34m)\u001b[0m\u001b[0;34m\u001b[0m\u001b[0;34m\u001b[0m\u001b[0m\n\u001b[0;32m---> 73\u001b[0;31m     \u001b[0;32mreturn\u001b[0m \u001b[0mop\u001b[0m\u001b[0;34m(\u001b[0m\u001b[0ma\u001b[0m\u001b[0;34m,\u001b[0m \u001b[0mb\u001b[0m\u001b[0;34m)\u001b[0m\u001b[0;34m\u001b[0m\u001b[0;34m\u001b[0m\u001b[0m\n\u001b[0m\u001b[1;32m     74\u001b[0m \u001b[0;34m\u001b[0m\u001b[0m\n","\u001b[0;31mTypeError\u001b[0m: can't multiply sequence by non-int of type 'float'","\nDuring handling of the above exception, another exception occurred:\n","\u001b[0;31mTypeError\u001b[0m                                 Traceback (most recent call last)","\u001b[0;32m/tmp/ipython-input-3124630408.py\u001b[0m in \u001b[0;36m<cell line: 0>\u001b[0;34m()\u001b[0m\n\u001b[0;32m----> 1\u001b[0;31m \u001b[0mdf\u001b[0m\u001b[0;34m[\u001b[0m\u001b[0;34m'Calculated Total'\u001b[0m\u001b[0;34m]\u001b[0m \u001b[0;34m=\u001b[0m \u001b[0;34m(\u001b[0m\u001b[0mdf\u001b[0m\u001b[0;34m[\u001b[0m\u001b[0;34m'Retail Price'\u001b[0m\u001b[0;34m]\u001b[0m \u001b[0;34m*\u001b[0m \u001b[0mdf\u001b[0m\u001b[0;34m[\u001b[0m\u001b[0;34m'Order Quantity'\u001b[0m\u001b[0;34m]\u001b[0m\u001b[0;34m)\u001b[0m \u001b[0;34m+\u001b[0m \u001b[0mdf\u001b[0m\u001b[0;34m[\u001b[0m\u001b[0;34m'Shipping Cost'\u001b[0m\u001b[0;34m]\u001b[0m\u001b[0;34m\u001b[0m\u001b[0;34m\u001b[0m\u001b[0m\n\u001b[0m\u001b[1;32m      2\u001b[0m \u001b[0mmismatch\u001b[0m \u001b[0;34m=\u001b[0m \u001b[0mdf\u001b[0m\u001b[0;34m[\u001b[0m\u001b[0mabs\u001b[0m\u001b[0;34m(\u001b[0m\u001b[0mdf\u001b[0m\u001b[0;34m[\u001b[0m\u001b[0;34m'Total'\u001b[0m\u001b[0;34m]\u001b[0m \u001b[0;34m-\u001b[0m \u001b[0mdf\u001b[0m\u001b[0;34m[\u001b[0m\u001b[0;34m'Calculated Total'\u001b[0m\u001b[0;34m]\u001b[0m\u001b[0;34m)\u001b[0m \u001b[0;34m>\u001b[0m \u001b[0;36m1.0\u001b[0m\u001b[0;34m]\u001b[0m \u001b[0;31m# Allow $1.00 rounding error\u001b[0m\u001b[0;34m\u001b[0m\u001b[0;34m\u001b[0m\u001b[0m\n\u001b[1;32m      3\u001b[0m \u001b[0mprint\u001b[0m\u001b[0;34m(\u001b[0m\u001b[0;34mf\"15. Rows with mismatched totals: {len(mismatch)}\"\u001b[0m\u001b[0;34m)\u001b[0m\u001b[0;34m\u001b[0m\u001b[0;34m\u001b[0m\u001b[0m\n","\u001b[0;32m/usr/local/lib/python3.12/dist-packages/pandas/core/ops/common.py\u001b[0m in \u001b[0;36mnew_method\u001b[0;34m(self, other)\u001b[0m\n\u001b[1;32m     74\u001b[0m         \u001b[0mother\u001b[0m \u001b[0;34m=\u001b[0m \u001b[0mitem_from_zerodim\u001b[0m\u001b[0;34m(\u001b[0m\u001b[0mother\u001b[0m\u001b[0;34m)\u001b[0m\u001b[0;34m\u001b[0m\u001b[0;34m\u001b[0m\u001b[0m\n\u001b[1;32m     75\u001b[0m \u001b[0;34m\u001b[0m\u001b[0m\n\u001b[0;32m---> 76\u001b[0;31m         \u001b[0;32mreturn\u001b[0m \u001b[0mmethod\u001b[0m\u001b[0;34m(\u001b[0m\u001b[0mself\u001b[0m\u001b[0;34m,\u001b[0m \u001b[0mother\u001b[0m\u001b[0;34m)\u001b[0m\u001b[0;34m\u001b[0m\u001b[0;34m\u001b[0m\u001b[0m\n\u001b[0m\u001b[1;32m     77\u001b[0m \u001b[0;34m\u001b[0m\u001b[0m\n\u001b[1;32m     78\u001b[0m     \u001b[0;32mreturn\u001b[0m \u001b[0mnew_method\u001b[0m\u001b[0;34m\u001b[0m\u001b[0;34m\u001b[0m\u001b[0m\n","\u001b[0;32m/usr/local/lib/python3.12/dist-packages/pandas/core/arraylike.py\u001b[0m in \u001b[0;36m__mul__\u001b[0;34m(self, other)\u001b[0m\n\u001b[1;32m    200\u001b[0m     \u001b[0;34m@\u001b[0m\u001b[0munpack_zerodim_and_defer\u001b[0m\u001b[0;34m(\u001b[0m\u001b[0;34m\"__mul__\"\u001b[0m\u001b[0;34m)\u001b[0m\u001b[0;34m\u001b[0m\u001b[0;34m\u001b[0m\u001b[0m\n\u001b[1;32m    201\u001b[0m     \u001b[0;32mdef\u001b[0m \u001b[0m__mul__\u001b[0m\u001b[0;34m(\u001b[0m\u001b[0mself\u001b[0m\u001b[0;34m,\u001b[0m \u001b[0mother\u001b[0m\u001b[0;34m)\u001b[0m\u001b[0;34m:\u001b[0m\u001b[0;34m\u001b[0m\u001b[0;34m\u001b[0m\u001b[0m\n\u001b[0;32m--> 202\u001b[0;31m         \u001b[0;32mreturn\u001b[0m \u001b[0mself\u001b[0m\u001b[0;34m.\u001b[0m\u001b[0m_arith_method\u001b[0m\u001b[0;34m(\u001b[0m\u001b[0mother\u001b[0m\u001b[0;34m,\u001b[0m \u001b[0moperator\u001b[0m\u001b[0;34m.\u001b[0m\u001b[0mmul\u001b[0m\u001b[0;34m)\u001b[0m\u001b[0;34m\u001b[0m\u001b[0;34m\u001b[0m\u001b[0m\n\u001b[0m\u001b[1;32m    203\u001b[0m \u001b[0;34m\u001b[0m\u001b[0m\n\u001b[1;32m    204\u001b[0m     \u001b[0;34m@\u001b[0m\u001b[0munpack_zerodim_and_defer\u001b[0m\u001b[0;34m(\u001b[0m\u001b[0;34m\"__rmul__\"\u001b[0m\u001b[0;34m)\u001b[0m\u001b[0;34m\u001b[0m\u001b[0;34m\u001b[0m\u001b[0m\n","\u001b[0;32m/usr/local/lib/python3.12/dist-packages/pandas/core/series.py\u001b[0m in \u001b[0;36m_arith_method\u001b[0;34m(self, other, op)\u001b[0m\n\u001b[1;32m   6133\u001b[0m     \u001b[0;32mdef\u001b[0m \u001b[0m_arith_method\u001b[0m\u001b[0;34m(\u001b[0m\u001b[0mself\u001b[0m\u001b[0;34m,\u001b[0m \u001b[0mother\u001b[0m\u001b[0;34m,\u001b[0m \u001b[0mop\u001b[0m\u001b[0;34m)\u001b[0m\u001b[0;34m:\u001b[0m\u001b[0;34m\u001b[0m\u001b[0;34m\u001b[0m\u001b[0m\n\u001b[1;32m   6134\u001b[0m         \u001b[0mself\u001b[0m\u001b[0;34m,\u001b[0m \u001b[0mother\u001b[0m \u001b[0;34m=\u001b[0m \u001b[0mself\u001b[0m\u001b[0;34m.\u001b[0m\u001b[0m_align_for_op\u001b[0m\u001b[0;34m(\u001b[0m\u001b[0mother\u001b[0m\u001b[0;34m)\u001b[0m\u001b[0;34m\u001b[0m\u001b[0;34m\u001b[0m\u001b[0m\n\u001b[0;32m-> 6135\u001b[0;31m         \u001b[0;32mreturn\u001b[0m \u001b[0mbase\u001b[0m\u001b[0;34m.\u001b[0m\u001b[0mIndexOpsMixin\u001b[0m\u001b[0;34m.\u001b[0m\u001b[0m_arith_method\u001b[0m\u001b[0;34m(\u001b[0m\u001b[0mself\u001b[0m\u001b[0;34m,\u001b[0m \u001b[0mother\u001b[0m\u001b[0;34m,\u001b[0m \u001b[0mop\u001b[0m\u001b[0;34m)\u001b[0m\u001b[0;34m\u001b[0m\u001b[0;34m\u001b[0m\u001b[0m\n\u001b[0m\u001b[1;32m   6136\u001b[0m \u001b[0;34m\u001b[0m\u001b[0m\n\u001b[1;32m   6137\u001b[0m     \u001b[0;32mdef\u001b[0m \u001b[0m_align_for_op\u001b[0m\u001b[0;34m(\u001b[0m\u001b[0mself\u001b[0m\u001b[0;34m,\u001b[0m \u001b[0mright\u001b[0m\u001b[0;34m,\u001b[0m \u001b[0malign_asobject\u001b[0m\u001b[0;34m:\u001b[0m \u001b[0mbool\u001b[0m \u001b[0;34m=\u001b[0m \u001b[0;32mFalse\u001b[0m\u001b[0;34m)\u001b[0m\u001b[0;34m:\u001b[0m\u001b[0;34m\u001b[0m\u001b[0;34m\u001b[0m\u001b[0m\n","\u001b[0;32m/usr/local/lib/python3.12/dist-packages/pandas/core/base.py\u001b[0m in \u001b[0;36m_arith_method\u001b[0;34m(self, other, op)\u001b[0m\n\u001b[1;32m   1380\u001b[0m \u001b[0;34m\u001b[0m\u001b[0m\n\u001b[1;32m   1381\u001b[0m         \u001b[0;32mwith\u001b[0m \u001b[0mnp\u001b[0m\u001b[0;34m.\u001b[0m\u001b[0merrstate\u001b[0m\u001b[0;34m(\u001b[0m\u001b[0mall\u001b[0m\u001b[0;34m=\u001b[0m\u001b[0;34m\"ignore\"\u001b[0m\u001b[0;34m)\u001b[0m\u001b[0;34m:\u001b[0m\u001b[0;34m\u001b[0m\u001b[0;34m\u001b[0m\u001b[0m\n\u001b[0;32m-> 1382\u001b[0;31m             \u001b[0mresult\u001b[0m \u001b[0;34m=\u001b[0m \u001b[0mops\u001b[0m\u001b[0;34m.\u001b[0m\u001b[0marithmetic_op\u001b[0m\u001b[0;34m(\u001b[0m\u001b[0mlvalues\u001b[0m\u001b[0;34m,\u001b[0m \u001b[0mrvalues\u001b[0m\u001b[0;34m,\u001b[0m \u001b[0mop\u001b[0m\u001b[0;34m)\u001b[0m\u001b[0;34m\u001b[0m\u001b[0;34m\u001b[0m\u001b[0m\n\u001b[0m\u001b[1;32m   1383\u001b[0m \u001b[0;34m\u001b[0m\u001b[0m\n\u001b[1;32m   1384\u001b[0m         \u001b[0;32mreturn\u001b[0m \u001b[0mself\u001b[0m\u001b[0;34m.\u001b[0m\u001b[0m_construct_result\u001b[0m\u001b[0;34m(\u001b[0m\u001b[0mresult\u001b[0m\u001b[0;34m,\u001b[0m \u001b[0mname\u001b[0m\u001b[0;34m=\u001b[0m\u001b[0mres_name\u001b[0m\u001b[0;34m)\u001b[0m\u001b[0;34m\u001b[0m\u001b[0;34m\u001b[0m\u001b[0m\n","\u001b[0;32m/usr/local/lib/python3.12/dist-packages/pandas/core/ops/array_ops.py\u001b[0m in \u001b[0;36marithmetic_op\u001b[0;34m(left, right, op)\u001b[0m\n\u001b[1;32m    281\u001b[0m         \u001b[0;31m# error: Argument 1 to \"_na_arithmetic_op\" has incompatible type\u001b[0m\u001b[0;34m\u001b[0m\u001b[0;34m\u001b[0m\u001b[0m\n\u001b[1;32m    282\u001b[0m         \u001b[0;31m# \"Union[ExtensionArray, ndarray[Any, Any]]\"; expected \"ndarray[Any, Any]\"\u001b[0m\u001b[0;34m\u001b[0m\u001b[0;34m\u001b[0m\u001b[0m\n\u001b[0;32m--> 283\u001b[0;31m         \u001b[0mres_values\u001b[0m \u001b[0;34m=\u001b[0m \u001b[0m_na_arithmetic_op\u001b[0m\u001b[0;34m(\u001b[0m\u001b[0mleft\u001b[0m\u001b[0;34m,\u001b[0m \u001b[0mright\u001b[0m\u001b[0;34m,\u001b[0m \u001b[0mop\u001b[0m\u001b[0;34m)\u001b[0m  \u001b[0;31m# type: ignore[arg-type]\u001b[0m\u001b[0;34m\u001b[0m\u001b[0;34m\u001b[0m\u001b[0m\n\u001b[0m\u001b[1;32m    284\u001b[0m \u001b[0;34m\u001b[0m\u001b[0m\n\u001b[1;32m    285\u001b[0m     \u001b[0;32mreturn\u001b[0m \u001b[0mres_values\u001b[0m\u001b[0;34m\u001b[0m\u001b[0;34m\u001b[0m\u001b[0m\n","\u001b[0;32m/usr/local/lib/python3.12/dist-packages/pandas/core/ops/array_ops.py\u001b[0m in \u001b[0;36m_na_arithmetic_op\u001b[0;34m(left, right, op, is_cmp)\u001b[0m\n\u001b[1;32m    225\u001b[0m             \u001b[0;31m# Don't do this for comparisons, as that will handle complex numbers\u001b[0m\u001b[0;34m\u001b[0m\u001b[0;34m\u001b[0m\u001b[0m\n\u001b[1;32m    226\u001b[0m             \u001b[0;31m#  incorrectly, see GH#32047\u001b[0m\u001b[0;34m\u001b[0m\u001b[0;34m\u001b[0m\u001b[0m\n\u001b[0;32m--> 227\u001b[0;31m             \u001b[0mresult\u001b[0m \u001b[0;34m=\u001b[0m \u001b[0m_masked_arith_op\u001b[0m\u001b[0;34m(\u001b[0m\u001b[0mleft\u001b[0m\u001b[0;34m,\u001b[0m \u001b[0mright\u001b[0m\u001b[0;34m,\u001b[0m \u001b[0mop\u001b[0m\u001b[0;34m)\u001b[0m\u001b[0;34m\u001b[0m\u001b[0;34m\u001b[0m\u001b[0m\n\u001b[0m\u001b[1;32m    228\u001b[0m         \u001b[0;32melse\u001b[0m\u001b[0;34m:\u001b[0m\u001b[0;34m\u001b[0m\u001b[0;34m\u001b[0m\u001b[0m\n\u001b[1;32m    229\u001b[0m             \u001b[0;32mraise\u001b[0m\u001b[0;34m\u001b[0m\u001b[0;34m\u001b[0m\u001b[0m\n","\u001b[0;32m/usr/local/lib/python3.12/dist-packages/pandas/core/ops/array_ops.py\u001b[0m in \u001b[0;36m_masked_arith_op\u001b[0;34m(x, y, op)\u001b[0m\n\u001b[1;32m    161\u001b[0m         \u001b[0;31m# See GH#5284, GH#5035, GH#19448 for historical reference\u001b[0m\u001b[0;34m\u001b[0m\u001b[0;34m\u001b[0m\u001b[0m\n\u001b[1;32m    162\u001b[0m         \u001b[0;32mif\u001b[0m \u001b[0mmask\u001b[0m\u001b[0;34m.\u001b[0m\u001b[0many\u001b[0m\u001b[0;34m(\u001b[0m\u001b[0;34m)\u001b[0m\u001b[0;34m:\u001b[0m\u001b[0;34m\u001b[0m\u001b[0;34m\u001b[0m\u001b[0m\n\u001b[0;32m--> 163\u001b[0;31m             \u001b[0mresult\u001b[0m\u001b[0;34m[\u001b[0m\u001b[0mmask\u001b[0m\u001b[0;34m]\u001b[0m \u001b[0;34m=\u001b[0m \u001b[0mop\u001b[0m\u001b[0;34m(\u001b[0m\u001b[0mxrav\u001b[0m\u001b[0;34m[\u001b[0m\u001b[0mmask\u001b[0m\u001b[0;34m]\u001b[0m\u001b[0;34m,\u001b[0m \u001b[0myrav\u001b[0m\u001b[0;34m[\u001b[0m\u001b[0mmask\u001b[0m\u001b[0;34m]\u001b[0m\u001b[0;34m)\u001b[0m\u001b[0;34m\u001b[0m\u001b[0;34m\u001b[0m\u001b[0m\n\u001b[0m\u001b[1;32m    164\u001b[0m \u001b[0;34m\u001b[0m\u001b[0m\n\u001b[1;32m    165\u001b[0m     \u001b[0;32melse\u001b[0m\u001b[0;34m:\u001b[0m\u001b[0;34m\u001b[0m\u001b[0;34m\u001b[0m\u001b[0m\n","\u001b[0;31mTypeError\u001b[0m: can't multiply sequence by non-int of type 'float'"]}]},{"cell_type":"code","source":["top_products = df.groupby('Product Name')['Order Quantity'].sum().sort_values(ascending=False).head(5)\n","print(f\"16. Top 5 Products by Quantity:\\n{top_products}\")"],"metadata":{"colab":{"base_uri":"https://localhost:8080/"},"id":"pccWMYKNVmzi","executionInfo":{"status":"ok","timestamp":1766775004492,"user_tz":-330,"elapsed":62,"user":{"displayName":"Om Kalathiya","userId":"06926395300130970487"}},"outputId":"67066835-8d31-4eb1-deed-a1e71a4556f8"},"execution_count":20,"outputs":[{"output_type":"stream","name":"stdout","text":["16. Top 5 Products by Quantity:\n","Product Name\n","Artisan 474 Labels                         3395.0\n","Smiths General Use 3-Ring Binders          3220.0\n","Artisan 479 Labels                         3039.0\n","Artisan 481 Labels                         2996.0\n","Apex Preferred Stainless Steel Scissors    2896.0\n","Name: Order Quantity, dtype: float64\n"]}]},{"cell_type":"code","source":["top_manager = df.groupby('Account Manager')['Total'].sum().idxmax()\n","print(f\"17. Account Manager with most revenue: {top_manager}\")"],"metadata":{"colab":{"base_uri":"https://localhost:8080/"},"id":"I6GX1_rUVxpF","executionInfo":{"status":"ok","timestamp":1766775006271,"user_tz":-330,"elapsed":8,"user":{"displayName":"Om Kalathiya","userId":"06926395300130970487"}},"outputId":"6080e4da-ead6-46a8-9d8b-55b9d8afb8c4"},"execution_count":21,"outputs":[{"output_type":"stream","name":"stdout","text":["17. Account Manager with most revenue: Connor Betts\n"]}]},{"cell_type":"code","source":["avg_ship_cost = df.groupby('Ship Mode')['Shipping Cost'].mean()\n","print(f\"18. Avg Shipping Cost by Mode:\\n{avg_ship_cost}\")"],"metadata":{"colab":{"base_uri":"https://localhost:8080/"},"id":"V3j5rPEXV0HT","executionInfo":{"status":"ok","timestamp":1766775007513,"user_tz":-330,"elapsed":30,"user":{"displayName":"Om Kalathiya","userId":"06926395300130970487"}},"outputId":"648ded6f-db4c-4fdc-d40c-f3f0ad1646a6"},"execution_count":22,"outputs":[{"output_type":"stream","name":"stdout","text":["18. Avg Shipping Cost by Mode:\n","Ship Mode\n","Delivery Truck    5.270085\n","Express Air       5.247311\n","Regular Air       5.503553\n","Name: Shipping Cost, dtype: float64\n"]}]},{"cell_type":"code","source":["best_product = df.loc[df['Profit Margin'].idxmax(), 'Product Name']\n","print(f\"19. Most Profitable Product: {best_product}\")"],"metadata":{"colab":{"base_uri":"https://localhost:8080/"},"id":"cF7E7Co0V7Nq","executionInfo":{"status":"ok","timestamp":1766775018654,"user_tz":-330,"elapsed":24,"user":{"displayName":"Om Kalathiya","userId":"06926395300130970487"}},"outputId":"e666ef30-b74d-4dc5-f4e8-0fb899e1d3d7"},"execution_count":24,"outputs":[{"output_type":"stream","name":"stdout","text":["19. Most Profitable Product: Economy Rollaway Files\n"]}]},{"cell_type":"code","source":["worst_product = df.loc[df['Profit Margin'].idxmin(), 'Product Name']\n","print(f\"20. Least Profitable Product (Biggest Loss): {worst_product}\")"],"metadata":{"colab":{"base_uri":"https://localhost:8080/"},"id":"6sUV392RV9nf","executionInfo":{"status":"ok","timestamp":1766775010026,"user_tz":-330,"elapsed":13,"user":{"displayName":"Om Kalathiya","userId":"06926395300130970487"}},"outputId":"34ee7bc4-c5be-41ae-c35a-177c8c38849c"},"execution_count":23,"outputs":[{"output_type":"stream","name":"stdout","text":["20. Least Profitable Product (Biggest Loss): Laser Neon Mac Format Diskettes, 10/Pack\n"]}]},{"cell_type":"code","source":[""],"metadata":{"id":"Y2c-eH1pV_Wc","executionInfo":{"status":"aborted","timestamp":1766774992743,"user_tz":-330,"elapsed":24,"user":{"displayName":"Om Kalathiya","userId":"06926395300130970487"}}},"execution_count":null,"outputs":[]},{"cell_type":"markdown","source":["# **Insightful Analysis Questions **"],"metadata":{"id":"PxT1OuqcAWZb"}},{"cell_type":"code","source":["cols_to_clean = ['Unit Price', 'Shipping Cost', 'Total', 'Profit']\n","for col in cols_to_clean:\n","    if col in df.columns:\n","        df[col] = df[col].astype(str).str.replace('$', '', regex=False)\n","        df[col] = df[col].str.replace(',', '', regex=False)\n","        df[col] = pd.to_numeric(df[col], errors='coerce')"],"metadata":{"id":"ZL0CyWvwBbSx","executionInfo":{"status":"ok","timestamp":1766775438848,"user_tz":-330,"elapsed":96,"user":{"displayName":"Om Kalathiya","userId":"06926395300130970487"}}},"execution_count":33,"outputs":[]},{"cell_type":"code","source":["df['Order Date'] = pd.to_datetime(df['Order Date'], format='%d-%m-%Y', errors='coerce')\n","df['Ship Date'] = pd.to_datetime(df['Ship Date'], format='%d-%m-%Y', errors='coerce')"],"metadata":{"id":"8yxKro73Bd0l","executionInfo":{"status":"ok","timestamp":1766775449236,"user_tz":-330,"elapsed":41,"user":{"displayName":"Om Kalathiya","userId":"06926395300130970487"}}},"execution_count":34,"outputs":[]},{"cell_type":"code","source":["df['Shipping Duration'] = (df['Ship Date'] - df['Order Date']).dt.days\n","df['Profit Margin'] = df['Retail Price'] / df['Total']\n","\n","print(\"Data Loaded and Cleaned Successfully!\\n\")"],"metadata":{"colab":{"base_uri":"https://localhost:8080/","height":408},"id":"Nb9sLQKKBhHE","executionInfo":{"status":"error","timestamp":1766775539033,"user_tz":-330,"elapsed":80,"user":{"displayName":"Om Kalathiya","userId":"06926395300130970487"}},"outputId":"5eac91a5-bc49-4d1d-951b-9fca2535d5aa"},"execution_count":37,"outputs":[{"output_type":"error","ename":"TypeError","evalue":"unsupported operand type(s) for /: 'str' and 'float'","traceback":["\u001b[0;31m---------------------------------------------------------------------------\u001b[0m","\u001b[0;31mTypeError\u001b[0m                                 Traceback (most recent call last)","\u001b[0;32m/usr/local/lib/python3.12/dist-packages/pandas/core/ops/array_ops.py\u001b[0m in \u001b[0;36m_na_arithmetic_op\u001b[0;34m(left, right, op, is_cmp)\u001b[0m\n\u001b[1;32m    217\u001b[0m     \u001b[0;32mtry\u001b[0m\u001b[0;34m:\u001b[0m\u001b[0;34m\u001b[0m\u001b[0;34m\u001b[0m\u001b[0m\n\u001b[0;32m--> 218\u001b[0;31m         \u001b[0mresult\u001b[0m \u001b[0;34m=\u001b[0m \u001b[0mfunc\u001b[0m\u001b[0;34m(\u001b[0m\u001b[0mleft\u001b[0m\u001b[0;34m,\u001b[0m \u001b[0mright\u001b[0m\u001b[0;34m)\u001b[0m\u001b[0;34m\u001b[0m\u001b[0;34m\u001b[0m\u001b[0m\n\u001b[0m\u001b[1;32m    219\u001b[0m     \u001b[0;32mexcept\u001b[0m \u001b[0mTypeError\u001b[0m\u001b[0;34m:\u001b[0m\u001b[0;34m\u001b[0m\u001b[0;34m\u001b[0m\u001b[0m\n","\u001b[0;32m/usr/local/lib/python3.12/dist-packages/pandas/core/computation/expressions.py\u001b[0m in \u001b[0;36mevaluate\u001b[0;34m(op, a, b, use_numexpr)\u001b[0m\n\u001b[1;32m    241\u001b[0m             \u001b[0;31m# error: \"None\" not callable\u001b[0m\u001b[0;34m\u001b[0m\u001b[0;34m\u001b[0m\u001b[0m\n\u001b[0;32m--> 242\u001b[0;31m             \u001b[0;32mreturn\u001b[0m \u001b[0m_evaluate\u001b[0m\u001b[0;34m(\u001b[0m\u001b[0mop\u001b[0m\u001b[0;34m,\u001b[0m \u001b[0mop_str\u001b[0m\u001b[0;34m,\u001b[0m \u001b[0ma\u001b[0m\u001b[0;34m,\u001b[0m \u001b[0mb\u001b[0m\u001b[0;34m)\u001b[0m  \u001b[0;31m# type: ignore[misc]\u001b[0m\u001b[0;34m\u001b[0m\u001b[0;34m\u001b[0m\u001b[0m\n\u001b[0m\u001b[1;32m    243\u001b[0m     \u001b[0;32mreturn\u001b[0m \u001b[0m_evaluate_standard\u001b[0m\u001b[0;34m(\u001b[0m\u001b[0mop\u001b[0m\u001b[0;34m,\u001b[0m \u001b[0mop_str\u001b[0m\u001b[0;34m,\u001b[0m \u001b[0ma\u001b[0m\u001b[0;34m,\u001b[0m \u001b[0mb\u001b[0m\u001b[0;34m)\u001b[0m\u001b[0;34m\u001b[0m\u001b[0;34m\u001b[0m\u001b[0m\n","\u001b[0;32m/usr/local/lib/python3.12/dist-packages/pandas/core/computation/expressions.py\u001b[0m in \u001b[0;36m_evaluate_numexpr\u001b[0;34m(op, op_str, a, b)\u001b[0m\n\u001b[1;32m    130\u001b[0m     \u001b[0;32mif\u001b[0m \u001b[0mresult\u001b[0m \u001b[0;32mis\u001b[0m \u001b[0;32mNone\u001b[0m\u001b[0;34m:\u001b[0m\u001b[0;34m\u001b[0m\u001b[0;34m\u001b[0m\u001b[0m\n\u001b[0;32m--> 131\u001b[0;31m         \u001b[0mresult\u001b[0m \u001b[0;34m=\u001b[0m \u001b[0m_evaluate_standard\u001b[0m\u001b[0;34m(\u001b[0m\u001b[0mop\u001b[0m\u001b[0;34m,\u001b[0m \u001b[0mop_str\u001b[0m\u001b[0;34m,\u001b[0m \u001b[0ma\u001b[0m\u001b[0;34m,\u001b[0m \u001b[0mb\u001b[0m\u001b[0;34m)\u001b[0m\u001b[0;34m\u001b[0m\u001b[0;34m\u001b[0m\u001b[0m\n\u001b[0m\u001b[1;32m    132\u001b[0m \u001b[0;34m\u001b[0m\u001b[0m\n","\u001b[0;32m/usr/local/lib/python3.12/dist-packages/pandas/core/computation/expressions.py\u001b[0m in \u001b[0;36m_evaluate_standard\u001b[0;34m(op, op_str, a, b)\u001b[0m\n\u001b[1;32m     72\u001b[0m         \u001b[0m_store_test_result\u001b[0m\u001b[0;34m(\u001b[0m\u001b[0;32mFalse\u001b[0m\u001b[0;34m)\u001b[0m\u001b[0;34m\u001b[0m\u001b[0;34m\u001b[0m\u001b[0m\n\u001b[0;32m---> 73\u001b[0;31m     \u001b[0;32mreturn\u001b[0m \u001b[0mop\u001b[0m\u001b[0;34m(\u001b[0m\u001b[0ma\u001b[0m\u001b[0;34m,\u001b[0m \u001b[0mb\u001b[0m\u001b[0;34m)\u001b[0m\u001b[0;34m\u001b[0m\u001b[0;34m\u001b[0m\u001b[0m\n\u001b[0m\u001b[1;32m     74\u001b[0m \u001b[0;34m\u001b[0m\u001b[0m\n","\u001b[0;31mTypeError\u001b[0m: unsupported operand type(s) for /: 'str' and 'float'","\nDuring handling of the above exception, another exception occurred:\n","\u001b[0;31mTypeError\u001b[0m                                 Traceback (most recent call last)","\u001b[0;32m/tmp/ipython-input-2129318768.py\u001b[0m in \u001b[0;36m<cell line: 0>\u001b[0;34m()\u001b[0m\n\u001b[1;32m      1\u001b[0m \u001b[0mdf\u001b[0m\u001b[0;34m[\u001b[0m\u001b[0;34m'Shipping Duration'\u001b[0m\u001b[0;34m]\u001b[0m \u001b[0;34m=\u001b[0m \u001b[0;34m(\u001b[0m\u001b[0mdf\u001b[0m\u001b[0;34m[\u001b[0m\u001b[0;34m'Ship Date'\u001b[0m\u001b[0;34m]\u001b[0m \u001b[0;34m-\u001b[0m \u001b[0mdf\u001b[0m\u001b[0;34m[\u001b[0m\u001b[0;34m'Order Date'\u001b[0m\u001b[0;34m]\u001b[0m\u001b[0;34m)\u001b[0m\u001b[0;34m.\u001b[0m\u001b[0mdt\u001b[0m\u001b[0;34m.\u001b[0m\u001b[0mdays\u001b[0m\u001b[0;34m\u001b[0m\u001b[0;34m\u001b[0m\u001b[0m\n\u001b[0;32m----> 2\u001b[0;31m \u001b[0mdf\u001b[0m\u001b[0;34m[\u001b[0m\u001b[0;34m'Profit Margin'\u001b[0m\u001b[0;34m]\u001b[0m \u001b[0;34m=\u001b[0m \u001b[0mdf\u001b[0m\u001b[0;34m[\u001b[0m\u001b[0;34m'Retail Price'\u001b[0m\u001b[0;34m]\u001b[0m \u001b[0;34m/\u001b[0m \u001b[0mdf\u001b[0m\u001b[0;34m[\u001b[0m\u001b[0;34m'Total'\u001b[0m\u001b[0;34m]\u001b[0m\u001b[0;34m\u001b[0m\u001b[0;34m\u001b[0m\u001b[0m\n\u001b[0m\u001b[1;32m      3\u001b[0m \u001b[0;34m\u001b[0m\u001b[0m\n\u001b[1;32m      4\u001b[0m \u001b[0mprint\u001b[0m\u001b[0;34m(\u001b[0m\u001b[0;34m\"Data Loaded and Cleaned Successfully!\\n\"\u001b[0m\u001b[0;34m)\u001b[0m\u001b[0;34m\u001b[0m\u001b[0;34m\u001b[0m\u001b[0m\n","\u001b[0;32m/usr/local/lib/python3.12/dist-packages/pandas/core/ops/common.py\u001b[0m in \u001b[0;36mnew_method\u001b[0;34m(self, other)\u001b[0m\n\u001b[1;32m     74\u001b[0m         \u001b[0mother\u001b[0m \u001b[0;34m=\u001b[0m \u001b[0mitem_from_zerodim\u001b[0m\u001b[0;34m(\u001b[0m\u001b[0mother\u001b[0m\u001b[0;34m)\u001b[0m\u001b[0;34m\u001b[0m\u001b[0;34m\u001b[0m\u001b[0m\n\u001b[1;32m     75\u001b[0m \u001b[0;34m\u001b[0m\u001b[0m\n\u001b[0;32m---> 76\u001b[0;31m         \u001b[0;32mreturn\u001b[0m \u001b[0mmethod\u001b[0m\u001b[0;34m(\u001b[0m\u001b[0mself\u001b[0m\u001b[0;34m,\u001b[0m \u001b[0mother\u001b[0m\u001b[0;34m)\u001b[0m\u001b[0;34m\u001b[0m\u001b[0;34m\u001b[0m\u001b[0m\n\u001b[0m\u001b[1;32m     77\u001b[0m \u001b[0;34m\u001b[0m\u001b[0m\n\u001b[1;32m     78\u001b[0m     \u001b[0;32mreturn\u001b[0m \u001b[0mnew_method\u001b[0m\u001b[0;34m\u001b[0m\u001b[0;34m\u001b[0m\u001b[0m\n","\u001b[0;32m/usr/local/lib/python3.12/dist-packages/pandas/core/arraylike.py\u001b[0m in \u001b[0;36m__truediv__\u001b[0;34m(self, other)\u001b[0m\n\u001b[1;32m    208\u001b[0m     \u001b[0;34m@\u001b[0m\u001b[0munpack_zerodim_and_defer\u001b[0m\u001b[0;34m(\u001b[0m\u001b[0;34m\"__truediv__\"\u001b[0m\u001b[0;34m)\u001b[0m\u001b[0;34m\u001b[0m\u001b[0;34m\u001b[0m\u001b[0m\n\u001b[1;32m    209\u001b[0m     \u001b[0;32mdef\u001b[0m \u001b[0m__truediv__\u001b[0m\u001b[0;34m(\u001b[0m\u001b[0mself\u001b[0m\u001b[0;34m,\u001b[0m \u001b[0mother\u001b[0m\u001b[0;34m)\u001b[0m\u001b[0;34m:\u001b[0m\u001b[0;34m\u001b[0m\u001b[0;34m\u001b[0m\u001b[0m\n\u001b[0;32m--> 210\u001b[0;31m         \u001b[0;32mreturn\u001b[0m \u001b[0mself\u001b[0m\u001b[0;34m.\u001b[0m\u001b[0m_arith_method\u001b[0m\u001b[0;34m(\u001b[0m\u001b[0mother\u001b[0m\u001b[0;34m,\u001b[0m \u001b[0moperator\u001b[0m\u001b[0;34m.\u001b[0m\u001b[0mtruediv\u001b[0m\u001b[0;34m)\u001b[0m\u001b[0;34m\u001b[0m\u001b[0;34m\u001b[0m\u001b[0m\n\u001b[0m\u001b[1;32m    211\u001b[0m \u001b[0;34m\u001b[0m\u001b[0m\n\u001b[1;32m    212\u001b[0m     \u001b[0;34m@\u001b[0m\u001b[0munpack_zerodim_and_defer\u001b[0m\u001b[0;34m(\u001b[0m\u001b[0;34m\"__rtruediv__\"\u001b[0m\u001b[0;34m)\u001b[0m\u001b[0;34m\u001b[0m\u001b[0;34m\u001b[0m\u001b[0m\n","\u001b[0;32m/usr/local/lib/python3.12/dist-packages/pandas/core/series.py\u001b[0m in \u001b[0;36m_arith_method\u001b[0;34m(self, other, op)\u001b[0m\n\u001b[1;32m   6133\u001b[0m     \u001b[0;32mdef\u001b[0m \u001b[0m_arith_method\u001b[0m\u001b[0;34m(\u001b[0m\u001b[0mself\u001b[0m\u001b[0;34m,\u001b[0m \u001b[0mother\u001b[0m\u001b[0;34m,\u001b[0m \u001b[0mop\u001b[0m\u001b[0;34m)\u001b[0m\u001b[0;34m:\u001b[0m\u001b[0;34m\u001b[0m\u001b[0;34m\u001b[0m\u001b[0m\n\u001b[1;32m   6134\u001b[0m         \u001b[0mself\u001b[0m\u001b[0;34m,\u001b[0m \u001b[0mother\u001b[0m \u001b[0;34m=\u001b[0m \u001b[0mself\u001b[0m\u001b[0;34m.\u001b[0m\u001b[0m_align_for_op\u001b[0m\u001b[0;34m(\u001b[0m\u001b[0mother\u001b[0m\u001b[0;34m)\u001b[0m\u001b[0;34m\u001b[0m\u001b[0;34m\u001b[0m\u001b[0m\n\u001b[0;32m-> 6135\u001b[0;31m         \u001b[0;32mreturn\u001b[0m \u001b[0mbase\u001b[0m\u001b[0;34m.\u001b[0m\u001b[0mIndexOpsMixin\u001b[0m\u001b[0;34m.\u001b[0m\u001b[0m_arith_method\u001b[0m\u001b[0;34m(\u001b[0m\u001b[0mself\u001b[0m\u001b[0;34m,\u001b[0m \u001b[0mother\u001b[0m\u001b[0;34m,\u001b[0m \u001b[0mop\u001b[0m\u001b[0;34m)\u001b[0m\u001b[0;34m\u001b[0m\u001b[0;34m\u001b[0m\u001b[0m\n\u001b[0m\u001b[1;32m   6136\u001b[0m \u001b[0;34m\u001b[0m\u001b[0m\n\u001b[1;32m   6137\u001b[0m     \u001b[0;32mdef\u001b[0m \u001b[0m_align_for_op\u001b[0m\u001b[0;34m(\u001b[0m\u001b[0mself\u001b[0m\u001b[0;34m,\u001b[0m \u001b[0mright\u001b[0m\u001b[0;34m,\u001b[0m \u001b[0malign_asobject\u001b[0m\u001b[0;34m:\u001b[0m \u001b[0mbool\u001b[0m \u001b[0;34m=\u001b[0m \u001b[0;32mFalse\u001b[0m\u001b[0;34m)\u001b[0m\u001b[0;34m:\u001b[0m\u001b[0;34m\u001b[0m\u001b[0;34m\u001b[0m\u001b[0m\n","\u001b[0;32m/usr/local/lib/python3.12/dist-packages/pandas/core/base.py\u001b[0m in \u001b[0;36m_arith_method\u001b[0;34m(self, other, op)\u001b[0m\n\u001b[1;32m   1380\u001b[0m \u001b[0;34m\u001b[0m\u001b[0m\n\u001b[1;32m   1381\u001b[0m         \u001b[0;32mwith\u001b[0m \u001b[0mnp\u001b[0m\u001b[0;34m.\u001b[0m\u001b[0merrstate\u001b[0m\u001b[0;34m(\u001b[0m\u001b[0mall\u001b[0m\u001b[0;34m=\u001b[0m\u001b[0;34m\"ignore\"\u001b[0m\u001b[0;34m)\u001b[0m\u001b[0;34m:\u001b[0m\u001b[0;34m\u001b[0m\u001b[0;34m\u001b[0m\u001b[0m\n\u001b[0;32m-> 1382\u001b[0;31m             \u001b[0mresult\u001b[0m \u001b[0;34m=\u001b[0m \u001b[0mops\u001b[0m\u001b[0;34m.\u001b[0m\u001b[0marithmetic_op\u001b[0m\u001b[0;34m(\u001b[0m\u001b[0mlvalues\u001b[0m\u001b[0;34m,\u001b[0m \u001b[0mrvalues\u001b[0m\u001b[0;34m,\u001b[0m \u001b[0mop\u001b[0m\u001b[0;34m)\u001b[0m\u001b[0;34m\u001b[0m\u001b[0;34m\u001b[0m\u001b[0m\n\u001b[0m\u001b[1;32m   1383\u001b[0m \u001b[0;34m\u001b[0m\u001b[0m\n\u001b[1;32m   1384\u001b[0m         \u001b[0;32mreturn\u001b[0m \u001b[0mself\u001b[0m\u001b[0;34m.\u001b[0m\u001b[0m_construct_result\u001b[0m\u001b[0;34m(\u001b[0m\u001b[0mresult\u001b[0m\u001b[0;34m,\u001b[0m \u001b[0mname\u001b[0m\u001b[0;34m=\u001b[0m\u001b[0mres_name\u001b[0m\u001b[0;34m)\u001b[0m\u001b[0;34m\u001b[0m\u001b[0;34m\u001b[0m\u001b[0m\n","\u001b[0;32m/usr/local/lib/python3.12/dist-packages/pandas/core/ops/array_ops.py\u001b[0m in \u001b[0;36marithmetic_op\u001b[0;34m(left, right, op)\u001b[0m\n\u001b[1;32m    281\u001b[0m         \u001b[0;31m# error: Argument 1 to \"_na_arithmetic_op\" has incompatible type\u001b[0m\u001b[0;34m\u001b[0m\u001b[0;34m\u001b[0m\u001b[0m\n\u001b[1;32m    282\u001b[0m         \u001b[0;31m# \"Union[ExtensionArray, ndarray[Any, Any]]\"; expected \"ndarray[Any, Any]\"\u001b[0m\u001b[0;34m\u001b[0m\u001b[0;34m\u001b[0m\u001b[0m\n\u001b[0;32m--> 283\u001b[0;31m         \u001b[0mres_values\u001b[0m \u001b[0;34m=\u001b[0m \u001b[0m_na_arithmetic_op\u001b[0m\u001b[0;34m(\u001b[0m\u001b[0mleft\u001b[0m\u001b[0;34m,\u001b[0m \u001b[0mright\u001b[0m\u001b[0;34m,\u001b[0m \u001b[0mop\u001b[0m\u001b[0;34m)\u001b[0m  \u001b[0;31m# type: ignore[arg-type]\u001b[0m\u001b[0;34m\u001b[0m\u001b[0;34m\u001b[0m\u001b[0m\n\u001b[0m\u001b[1;32m    284\u001b[0m \u001b[0;34m\u001b[0m\u001b[0m\n\u001b[1;32m    285\u001b[0m     \u001b[0;32mreturn\u001b[0m \u001b[0mres_values\u001b[0m\u001b[0;34m\u001b[0m\u001b[0;34m\u001b[0m\u001b[0m\n","\u001b[0;32m/usr/local/lib/python3.12/dist-packages/pandas/core/ops/array_ops.py\u001b[0m in \u001b[0;36m_na_arithmetic_op\u001b[0;34m(left, right, op, is_cmp)\u001b[0m\n\u001b[1;32m    225\u001b[0m             \u001b[0;31m# Don't do this for comparisons, as that will handle complex numbers\u001b[0m\u001b[0;34m\u001b[0m\u001b[0;34m\u001b[0m\u001b[0m\n\u001b[1;32m    226\u001b[0m             \u001b[0;31m#  incorrectly, see GH#32047\u001b[0m\u001b[0;34m\u001b[0m\u001b[0;34m\u001b[0m\u001b[0m\n\u001b[0;32m--> 227\u001b[0;31m             \u001b[0mresult\u001b[0m \u001b[0;34m=\u001b[0m \u001b[0m_masked_arith_op\u001b[0m\u001b[0;34m(\u001b[0m\u001b[0mleft\u001b[0m\u001b[0;34m,\u001b[0m \u001b[0mright\u001b[0m\u001b[0;34m,\u001b[0m \u001b[0mop\u001b[0m\u001b[0;34m)\u001b[0m\u001b[0;34m\u001b[0m\u001b[0;34m\u001b[0m\u001b[0m\n\u001b[0m\u001b[1;32m    228\u001b[0m         \u001b[0;32melse\u001b[0m\u001b[0;34m:\u001b[0m\u001b[0;34m\u001b[0m\u001b[0;34m\u001b[0m\u001b[0m\n\u001b[1;32m    229\u001b[0m             \u001b[0;32mraise\u001b[0m\u001b[0;34m\u001b[0m\u001b[0;34m\u001b[0m\u001b[0m\n","\u001b[0;32m/usr/local/lib/python3.12/dist-packages/pandas/core/ops/array_ops.py\u001b[0m in \u001b[0;36m_masked_arith_op\u001b[0;34m(x, y, op)\u001b[0m\n\u001b[1;32m    161\u001b[0m         \u001b[0;31m# See GH#5284, GH#5035, GH#19448 for historical reference\u001b[0m\u001b[0;34m\u001b[0m\u001b[0;34m\u001b[0m\u001b[0m\n\u001b[1;32m    162\u001b[0m         \u001b[0;32mif\u001b[0m \u001b[0mmask\u001b[0m\u001b[0;34m.\u001b[0m\u001b[0many\u001b[0m\u001b[0;34m(\u001b[0m\u001b[0;34m)\u001b[0m\u001b[0;34m:\u001b[0m\u001b[0;34m\u001b[0m\u001b[0;34m\u001b[0m\u001b[0m\n\u001b[0;32m--> 163\u001b[0;31m             \u001b[0mresult\u001b[0m\u001b[0;34m[\u001b[0m\u001b[0mmask\u001b[0m\u001b[0;34m]\u001b[0m \u001b[0;34m=\u001b[0m \u001b[0mop\u001b[0m\u001b[0;34m(\u001b[0m\u001b[0mxrav\u001b[0m\u001b[0;34m[\u001b[0m\u001b[0mmask\u001b[0m\u001b[0;34m]\u001b[0m\u001b[0;34m,\u001b[0m \u001b[0myrav\u001b[0m\u001b[0;34m[\u001b[0m\u001b[0mmask\u001b[0m\u001b[0;34m]\u001b[0m\u001b[0;34m)\u001b[0m\u001b[0;34m\u001b[0m\u001b[0;34m\u001b[0m\u001b[0m\n\u001b[0m\u001b[1;32m    164\u001b[0m \u001b[0;34m\u001b[0m\u001b[0m\n\u001b[1;32m    165\u001b[0m     \u001b[0;32melse\u001b[0m\u001b[0;34m:\u001b[0m\u001b[0;34m\u001b[0m\u001b[0;34m\u001b[0m\u001b[0m\n","\u001b[0;31mTypeError\u001b[0m: unsupported operand type(s) for /: 'str' and 'float'"]}]},{"cell_type":"code","source":["total_revenue = df['Total'].sum()\n","print(f\"1. Total Revenue: ${total_revenue:,.2f}\")"],"metadata":{"colab":{"base_uri":"https://localhost:8080/"},"id":"m_ZIHuuaAYo8","executionInfo":{"status":"ok","timestamp":1766775201496,"user_tz":-330,"elapsed":75,"user":{"displayName":"Om Kalathiya","userId":"06926395300130970487"}},"outputId":"40ccfa84-adf5-4241-e366-dee5aa0551b9"},"execution_count":25,"outputs":[{"output_type":"stream","name":"stdout","text":["1. Total Revenue: $3,731,536.40\n"]}]},{"cell_type":"code","source":["rev_by_cust = df.groupby('Customer Type')['Total'].sum().idxmax()\n","print(f\"2. Customer Type with Highest Revenue: {rev_by_cust}\")"],"metadata":{"colab":{"base_uri":"https://localhost:8080/"},"id":"wlIXvTRoAhtO","executionInfo":{"status":"ok","timestamp":1766775212687,"user_tz":-330,"elapsed":49,"user":{"displayName":"Om Kalathiya","userId":"06926395300130970487"}},"outputId":"ba9cb842-7231-4c58-c1b5-b7b5f97eee36"},"execution_count":26,"outputs":[{"output_type":"stream","name":"stdout","text":["2. Customer Type with Highest Revenue: Corporate\n"]}]},{"cell_type":"code","source":["avg_rev_priority = df.groupby('Order Priority')['Total'].mean().sort_values(ascending=False)\n","print(f\"3. Avg Revenue by Priority:\\n{avg_rev_priority}\")"],"metadata":{"colab":{"base_uri":"https://localhost:8080/"},"id":"2fZGxiGRAke0","executionInfo":{"status":"ok","timestamp":1766775222078,"user_tz":-330,"elapsed":90,"user":{"displayName":"Om Kalathiya","userId":"06926395300130970487"}},"outputId":"33df943a-7414-430d-eddd-e98ebc402396"},"execution_count":27,"outputs":[{"output_type":"stream","name":"stdout","text":["3. Avg Revenue by Priority:\n","Order Priority\n","Critical         784.799966\n","Medium           756.016021\n","Not Specified    748.941996\n","Low              743.554170\n","High             706.582740\n","Name: Total, dtype: float64\n"]}]},{"cell_type":"code","source":["avg_margin = df.groupby('Product Category')['Profit Margin'].mean()\n","print(f\"4. Avg Profit Margin by Category:\\n{avg_margin}\")"],"metadata":{"colab":{"base_uri":"https://localhost:8080/","height":463},"id":"Ru0fNFD9Amqp","executionInfo":{"status":"error","timestamp":1766775367899,"user_tz":-330,"elapsed":81,"user":{"displayName":"Om Kalathiya","userId":"06926395300130970487"}},"outputId":"c6dec74a-3ffc-46b6-d15a-c794d317d987"},"execution_count":32,"outputs":[{"output_type":"error","ename":"TypeError","evalue":"agg function failed [how->mean,dtype->object]","traceback":["\u001b[0;31m---------------------------------------------------------------------------\u001b[0m","\u001b[0;31mTypeError\u001b[0m                                 Traceback (most recent call last)","\u001b[0;32m/usr/local/lib/python3.12/dist-packages/pandas/core/groupby/groupby.py\u001b[0m in \u001b[0;36m_agg_py_fallback\u001b[0;34m(self, how, values, ndim, alt)\u001b[0m\n\u001b[1;32m   1941\u001b[0m         \u001b[0;32mtry\u001b[0m\u001b[0;34m:\u001b[0m\u001b[0;34m\u001b[0m\u001b[0;34m\u001b[0m\u001b[0m\n\u001b[0;32m-> 1942\u001b[0;31m             \u001b[0mres_values\u001b[0m \u001b[0;34m=\u001b[0m \u001b[0mself\u001b[0m\u001b[0;34m.\u001b[0m\u001b[0m_grouper\u001b[0m\u001b[0;34m.\u001b[0m\u001b[0magg_series\u001b[0m\u001b[0;34m(\u001b[0m\u001b[0mser\u001b[0m\u001b[0;34m,\u001b[0m \u001b[0malt\u001b[0m\u001b[0;34m,\u001b[0m \u001b[0mpreserve_dtype\u001b[0m\u001b[0;34m=\u001b[0m\u001b[0;32mTrue\u001b[0m\u001b[0;34m)\u001b[0m\u001b[0;34m\u001b[0m\u001b[0;34m\u001b[0m\u001b[0m\n\u001b[0m\u001b[1;32m   1943\u001b[0m         \u001b[0;32mexcept\u001b[0m \u001b[0mException\u001b[0m \u001b[0;32mas\u001b[0m \u001b[0merr\u001b[0m\u001b[0;34m:\u001b[0m\u001b[0;34m\u001b[0m\u001b[0;34m\u001b[0m\u001b[0m\n","\u001b[0;32m/usr/local/lib/python3.12/dist-packages/pandas/core/groupby/ops.py\u001b[0m in \u001b[0;36magg_series\u001b[0;34m(self, obj, func, preserve_dtype)\u001b[0m\n\u001b[1;32m    863\u001b[0m \u001b[0;34m\u001b[0m\u001b[0m\n\u001b[0;32m--> 864\u001b[0;31m         \u001b[0mresult\u001b[0m \u001b[0;34m=\u001b[0m \u001b[0mself\u001b[0m\u001b[0;34m.\u001b[0m\u001b[0m_aggregate_series_pure_python\u001b[0m\u001b[0;34m(\u001b[0m\u001b[0mobj\u001b[0m\u001b[0;34m,\u001b[0m \u001b[0mfunc\u001b[0m\u001b[0;34m)\u001b[0m\u001b[0;34m\u001b[0m\u001b[0;34m\u001b[0m\u001b[0m\n\u001b[0m\u001b[1;32m    865\u001b[0m \u001b[0;34m\u001b[0m\u001b[0m\n","\u001b[0;32m/usr/local/lib/python3.12/dist-packages/pandas/core/groupby/ops.py\u001b[0m in \u001b[0;36m_aggregate_series_pure_python\u001b[0;34m(self, obj, func)\u001b[0m\n\u001b[1;32m    884\u001b[0m         \u001b[0;32mfor\u001b[0m \u001b[0mi\u001b[0m\u001b[0;34m,\u001b[0m \u001b[0mgroup\u001b[0m \u001b[0;32min\u001b[0m \u001b[0menumerate\u001b[0m\u001b[0;34m(\u001b[0m\u001b[0msplitter\u001b[0m\u001b[0;34m)\u001b[0m\u001b[0;34m:\u001b[0m\u001b[0;34m\u001b[0m\u001b[0;34m\u001b[0m\u001b[0m\n\u001b[0;32m--> 885\u001b[0;31m             \u001b[0mres\u001b[0m \u001b[0;34m=\u001b[0m \u001b[0mfunc\u001b[0m\u001b[0;34m(\u001b[0m\u001b[0mgroup\u001b[0m\u001b[0;34m)\u001b[0m\u001b[0;34m\u001b[0m\u001b[0;34m\u001b[0m\u001b[0m\n\u001b[0m\u001b[1;32m    886\u001b[0m             \u001b[0mres\u001b[0m \u001b[0;34m=\u001b[0m \u001b[0mextract_result\u001b[0m\u001b[0;34m(\u001b[0m\u001b[0mres\u001b[0m\u001b[0;34m)\u001b[0m\u001b[0;34m\u001b[0m\u001b[0;34m\u001b[0m\u001b[0m\n","\u001b[0;32m/usr/local/lib/python3.12/dist-packages/pandas/core/groupby/groupby.py\u001b[0m in \u001b[0;36m<lambda>\u001b[0;34m(x)\u001b[0m\n\u001b[1;32m   2453\u001b[0m                 \u001b[0;34m\"mean\"\u001b[0m\u001b[0;34m,\u001b[0m\u001b[0;34m\u001b[0m\u001b[0;34m\u001b[0m\u001b[0m\n\u001b[0;32m-> 2454\u001b[0;31m                 \u001b[0malt\u001b[0m\u001b[0;34m=\u001b[0m\u001b[0;32mlambda\u001b[0m \u001b[0mx\u001b[0m\u001b[0;34m:\u001b[0m \u001b[0mSeries\u001b[0m\u001b[0;34m(\u001b[0m\u001b[0mx\u001b[0m\u001b[0;34m,\u001b[0m \u001b[0mcopy\u001b[0m\u001b[0;34m=\u001b[0m\u001b[0;32mFalse\u001b[0m\u001b[0;34m)\u001b[0m\u001b[0;34m.\u001b[0m\u001b[0mmean\u001b[0m\u001b[0;34m(\u001b[0m\u001b[0mnumeric_only\u001b[0m\u001b[0;34m=\u001b[0m\u001b[0mnumeric_only\u001b[0m\u001b[0;34m)\u001b[0m\u001b[0;34m,\u001b[0m\u001b[0;34m\u001b[0m\u001b[0;34m\u001b[0m\u001b[0m\n\u001b[0m\u001b[1;32m   2455\u001b[0m                 \u001b[0mnumeric_only\u001b[0m\u001b[0;34m=\u001b[0m\u001b[0mnumeric_only\u001b[0m\u001b[0;34m,\u001b[0m\u001b[0;34m\u001b[0m\u001b[0;34m\u001b[0m\u001b[0m\n","\u001b[0;32m/usr/local/lib/python3.12/dist-packages/pandas/core/series.py\u001b[0m in \u001b[0;36mmean\u001b[0;34m(self, axis, skipna, numeric_only, **kwargs)\u001b[0m\n\u001b[1;32m   6548\u001b[0m     ):\n\u001b[0;32m-> 6549\u001b[0;31m         \u001b[0;32mreturn\u001b[0m \u001b[0mNDFrame\u001b[0m\u001b[0;34m.\u001b[0m\u001b[0mmean\u001b[0m\u001b[0;34m(\u001b[0m\u001b[0mself\u001b[0m\u001b[0;34m,\u001b[0m \u001b[0maxis\u001b[0m\u001b[0;34m,\u001b[0m \u001b[0mskipna\u001b[0m\u001b[0;34m,\u001b[0m \u001b[0mnumeric_only\u001b[0m\u001b[0;34m,\u001b[0m \u001b[0;34m**\u001b[0m\u001b[0mkwargs\u001b[0m\u001b[0;34m)\u001b[0m\u001b[0;34m\u001b[0m\u001b[0;34m\u001b[0m\u001b[0m\n\u001b[0m\u001b[1;32m   6550\u001b[0m \u001b[0;34m\u001b[0m\u001b[0m\n","\u001b[0;32m/usr/local/lib/python3.12/dist-packages/pandas/core/generic.py\u001b[0m in \u001b[0;36mmean\u001b[0;34m(self, axis, skipna, numeric_only, **kwargs)\u001b[0m\n\u001b[1;32m  12419\u001b[0m     ) -> Series | float:\n\u001b[0;32m> 12420\u001b[0;31m         return self._stat_function(\n\u001b[0m\u001b[1;32m  12421\u001b[0m             \u001b[0;34m\"mean\"\u001b[0m\u001b[0;34m,\u001b[0m \u001b[0mnanops\u001b[0m\u001b[0;34m.\u001b[0m\u001b[0mnanmean\u001b[0m\u001b[0;34m,\u001b[0m \u001b[0maxis\u001b[0m\u001b[0;34m,\u001b[0m \u001b[0mskipna\u001b[0m\u001b[0;34m,\u001b[0m \u001b[0mnumeric_only\u001b[0m\u001b[0;34m,\u001b[0m \u001b[0;34m**\u001b[0m\u001b[0mkwargs\u001b[0m\u001b[0;34m\u001b[0m\u001b[0;34m\u001b[0m\u001b[0m\n","\u001b[0;32m/usr/local/lib/python3.12/dist-packages/pandas/core/generic.py\u001b[0m in \u001b[0;36m_stat_function\u001b[0;34m(self, name, func, axis, skipna, numeric_only, **kwargs)\u001b[0m\n\u001b[1;32m  12376\u001b[0m \u001b[0;34m\u001b[0m\u001b[0m\n\u001b[0;32m> 12377\u001b[0;31m         return self._reduce(\n\u001b[0m\u001b[1;32m  12378\u001b[0m             \u001b[0mfunc\u001b[0m\u001b[0;34m,\u001b[0m \u001b[0mname\u001b[0m\u001b[0;34m=\u001b[0m\u001b[0mname\u001b[0m\u001b[0;34m,\u001b[0m \u001b[0maxis\u001b[0m\u001b[0;34m=\u001b[0m\u001b[0maxis\u001b[0m\u001b[0;34m,\u001b[0m \u001b[0mskipna\u001b[0m\u001b[0;34m=\u001b[0m\u001b[0mskipna\u001b[0m\u001b[0;34m,\u001b[0m \u001b[0mnumeric_only\u001b[0m\u001b[0;34m=\u001b[0m\u001b[0mnumeric_only\u001b[0m\u001b[0;34m\u001b[0m\u001b[0;34m\u001b[0m\u001b[0m\n","\u001b[0;32m/usr/local/lib/python3.12/dist-packages/pandas/core/series.py\u001b[0m in \u001b[0;36m_reduce\u001b[0;34m(self, op, name, axis, skipna, numeric_only, filter_type, **kwds)\u001b[0m\n\u001b[1;32m   6456\u001b[0m                 )\n\u001b[0;32m-> 6457\u001b[0;31m             \u001b[0;32mreturn\u001b[0m \u001b[0mop\u001b[0m\u001b[0;34m(\u001b[0m\u001b[0mdelegate\u001b[0m\u001b[0;34m,\u001b[0m \u001b[0mskipna\u001b[0m\u001b[0;34m=\u001b[0m\u001b[0mskipna\u001b[0m\u001b[0;34m,\u001b[0m \u001b[0;34m**\u001b[0m\u001b[0mkwds\u001b[0m\u001b[0;34m)\u001b[0m\u001b[0;34m\u001b[0m\u001b[0;34m\u001b[0m\u001b[0m\n\u001b[0m\u001b[1;32m   6458\u001b[0m \u001b[0;34m\u001b[0m\u001b[0m\n","\u001b[0;32m/usr/local/lib/python3.12/dist-packages/pandas/core/nanops.py\u001b[0m in \u001b[0;36mf\u001b[0;34m(values, axis, skipna, **kwds)\u001b[0m\n\u001b[1;32m    146\u001b[0m             \u001b[0;32melse\u001b[0m\u001b[0;34m:\u001b[0m\u001b[0;34m\u001b[0m\u001b[0;34m\u001b[0m\u001b[0m\n\u001b[0;32m--> 147\u001b[0;31m                 \u001b[0mresult\u001b[0m \u001b[0;34m=\u001b[0m \u001b[0malt\u001b[0m\u001b[0;34m(\u001b[0m\u001b[0mvalues\u001b[0m\u001b[0;34m,\u001b[0m \u001b[0maxis\u001b[0m\u001b[0;34m=\u001b[0m\u001b[0maxis\u001b[0m\u001b[0;34m,\u001b[0m \u001b[0mskipna\u001b[0m\u001b[0;34m=\u001b[0m\u001b[0mskipna\u001b[0m\u001b[0;34m,\u001b[0m \u001b[0;34m**\u001b[0m\u001b[0mkwds\u001b[0m\u001b[0;34m)\u001b[0m\u001b[0;34m\u001b[0m\u001b[0;34m\u001b[0m\u001b[0m\n\u001b[0m\u001b[1;32m    148\u001b[0m \u001b[0;34m\u001b[0m\u001b[0m\n","\u001b[0;32m/usr/local/lib/python3.12/dist-packages/pandas/core/nanops.py\u001b[0m in \u001b[0;36mnew_func\u001b[0;34m(values, axis, skipna, mask, **kwargs)\u001b[0m\n\u001b[1;32m    403\u001b[0m \u001b[0;34m\u001b[0m\u001b[0m\n\u001b[0;32m--> 404\u001b[0;31m         \u001b[0mresult\u001b[0m \u001b[0;34m=\u001b[0m \u001b[0mfunc\u001b[0m\u001b[0;34m(\u001b[0m\u001b[0mvalues\u001b[0m\u001b[0;34m,\u001b[0m \u001b[0maxis\u001b[0m\u001b[0;34m=\u001b[0m\u001b[0maxis\u001b[0m\u001b[0;34m,\u001b[0m \u001b[0mskipna\u001b[0m\u001b[0;34m=\u001b[0m\u001b[0mskipna\u001b[0m\u001b[0;34m,\u001b[0m \u001b[0mmask\u001b[0m\u001b[0;34m=\u001b[0m\u001b[0mmask\u001b[0m\u001b[0;34m,\u001b[0m \u001b[0;34m**\u001b[0m\u001b[0mkwargs\u001b[0m\u001b[0;34m)\u001b[0m\u001b[0;34m\u001b[0m\u001b[0;34m\u001b[0m\u001b[0m\n\u001b[0m\u001b[1;32m    405\u001b[0m \u001b[0;34m\u001b[0m\u001b[0m\n","\u001b[0;32m/usr/local/lib/python3.12/dist-packages/pandas/core/nanops.py\u001b[0m in \u001b[0;36mnanmean\u001b[0;34m(values, axis, skipna, mask)\u001b[0m\n\u001b[1;32m    719\u001b[0m     \u001b[0mthe_sum\u001b[0m \u001b[0;34m=\u001b[0m \u001b[0mvalues\u001b[0m\u001b[0;34m.\u001b[0m\u001b[0msum\u001b[0m\u001b[0;34m(\u001b[0m\u001b[0maxis\u001b[0m\u001b[0;34m,\u001b[0m \u001b[0mdtype\u001b[0m\u001b[0;34m=\u001b[0m\u001b[0mdtype_sum\u001b[0m\u001b[0;34m)\u001b[0m\u001b[0;34m\u001b[0m\u001b[0;34m\u001b[0m\u001b[0m\n\u001b[0;32m--> 720\u001b[0;31m     \u001b[0mthe_sum\u001b[0m \u001b[0;34m=\u001b[0m \u001b[0m_ensure_numeric\u001b[0m\u001b[0;34m(\u001b[0m\u001b[0mthe_sum\u001b[0m\u001b[0;34m)\u001b[0m\u001b[0;34m\u001b[0m\u001b[0;34m\u001b[0m\u001b[0m\n\u001b[0m\u001b[1;32m    721\u001b[0m \u001b[0;34m\u001b[0m\u001b[0m\n","\u001b[0;32m/usr/local/lib/python3.12/dist-packages/pandas/core/nanops.py\u001b[0m in \u001b[0;36m_ensure_numeric\u001b[0;34m(x)\u001b[0m\n\u001b[1;32m   1700\u001b[0m             \u001b[0;31m# GH#44008, GH#36703 avoid casting e.g. strings to numeric\u001b[0m\u001b[0;34m\u001b[0m\u001b[0;34m\u001b[0m\u001b[0m\n\u001b[0;32m-> 1701\u001b[0;31m             \u001b[0;32mraise\u001b[0m \u001b[0mTypeError\u001b[0m\u001b[0;34m(\u001b[0m\u001b[0;34mf\"Could not convert string '{x}' to numeric\"\u001b[0m\u001b[0;34m)\u001b[0m\u001b[0;34m\u001b[0m\u001b[0;34m\u001b[0m\u001b[0m\n\u001b[0m\u001b[1;32m   1702\u001b[0m         \u001b[0;32mtry\u001b[0m\u001b[0;34m:\u001b[0m\u001b[0;34m\u001b[0m\u001b[0;34m\u001b[0m\u001b[0m\n","\u001b[0;31mTypeError\u001b[0m: Could not convert string '$1.51$1.51$1.04$0.43$4.92$2.69$1.40$1.04$13.59$1.02$1.51$1.02$1.02$97.47$12.17$2.16$0.43$7.59$0.70$3.18$2.69$7.18$2.46$6.25$6.25$1.25$0.70$1.86$20.82$1.02$7.59$6.04$3.33$15.29$3.66$8.73$8.50$171.00$13.59$1.02$171.00$1.75$1.14$237.05$1.71$4.63$36.19$1.04$2.77$0.94$2.24$1.40$0.65$1.86$1.30$20.82$8.50$1.86$0.75$1.48$31.91$1.04$5.91$3.66$1.02$2.24$1.53$0.55$1.44$2.13$1.53$0.43$112.84$3.40$1.17$1.17$0.89$1.44$1.20$1.53$1.69$1.69$1.14$2.24$2.46$5.09$5.09$14.99$93.59$3.66$8.50$14.99$15.23$1.53$2.16$1.53$1.51$5.06$63.54$1.51$1.51$40.39$1.25$8.73$2.46$7.79$120.46$1.86$14.38$2.69$1.16$7.59$1.40$0.70$1.02$2.24$1.53$2.03$0.59$5.91$14.99$4.63$4.63$24.17$26.21$2.13$112.84$7.79$24.47$7.79$3.18$3.18$0.67$0.89$1.34$5.07$3.97$1.53$1.14$120.46$1.53$1.14$12.17$8.50$1.04$0.67$0.67$0.90$3.27$6.08$43.20$1.32$12.17$0.73$0.94$1.14$2.77$1.86$3.33$3.33$2.11$1.95$46.45$1.40$2.69$1.44$1.75$1.14$15.23' to numeric","\nThe above exception was the direct cause of the following exception:\n","\u001b[0;31mTypeError\u001b[0m                                 Traceback (most recent call last)","\u001b[0;32m/tmp/ipython-input-3858709200.py\u001b[0m in \u001b[0;36m<cell line: 0>\u001b[0;34m()\u001b[0m\n\u001b[0;32m----> 1\u001b[0;31m \u001b[0mavg_margin\u001b[0m \u001b[0;34m=\u001b[0m \u001b[0mdf\u001b[0m\u001b[0;34m.\u001b[0m\u001b[0mgroupby\u001b[0m\u001b[0;34m(\u001b[0m\u001b[0;34m'Product Category'\u001b[0m\u001b[0;34m)\u001b[0m\u001b[0;34m[\u001b[0m\u001b[0;34m'Profit Margin'\u001b[0m\u001b[0;34m]\u001b[0m\u001b[0;34m.\u001b[0m\u001b[0mmean\u001b[0m\u001b[0;34m(\u001b[0m\u001b[0;34m)\u001b[0m\u001b[0;34m\u001b[0m\u001b[0;34m\u001b[0m\u001b[0m\n\u001b[0m\u001b[1;32m      2\u001b[0m \u001b[0mprint\u001b[0m\u001b[0;34m(\u001b[0m\u001b[0;34mf\"4. Avg Profit Margin by Category:\\n{avg_margin}\"\u001b[0m\u001b[0;34m)\u001b[0m\u001b[0;34m\u001b[0m\u001b[0;34m\u001b[0m\u001b[0m\n","\u001b[0;32m/usr/local/lib/python3.12/dist-packages/pandas/core/groupby/groupby.py\u001b[0m in \u001b[0;36mmean\u001b[0;34m(self, numeric_only, engine, engine_kwargs)\u001b[0m\n\u001b[1;32m   2450\u001b[0m             )\n\u001b[1;32m   2451\u001b[0m         \u001b[0;32melse\u001b[0m\u001b[0;34m:\u001b[0m\u001b[0;34m\u001b[0m\u001b[0;34m\u001b[0m\u001b[0m\n\u001b[0;32m-> 2452\u001b[0;31m             result = self._cython_agg_general(\n\u001b[0m\u001b[1;32m   2453\u001b[0m                 \u001b[0;34m\"mean\"\u001b[0m\u001b[0;34m,\u001b[0m\u001b[0;34m\u001b[0m\u001b[0;34m\u001b[0m\u001b[0m\n\u001b[1;32m   2454\u001b[0m                 \u001b[0malt\u001b[0m\u001b[0;34m=\u001b[0m\u001b[0;32mlambda\u001b[0m \u001b[0mx\u001b[0m\u001b[0;34m:\u001b[0m \u001b[0mSeries\u001b[0m\u001b[0;34m(\u001b[0m\u001b[0mx\u001b[0m\u001b[0;34m,\u001b[0m \u001b[0mcopy\u001b[0m\u001b[0;34m=\u001b[0m\u001b[0;32mFalse\u001b[0m\u001b[0;34m)\u001b[0m\u001b[0;34m.\u001b[0m\u001b[0mmean\u001b[0m\u001b[0;34m(\u001b[0m\u001b[0mnumeric_only\u001b[0m\u001b[0;34m=\u001b[0m\u001b[0mnumeric_only\u001b[0m\u001b[0;34m)\u001b[0m\u001b[0;34m,\u001b[0m\u001b[0;34m\u001b[0m\u001b[0;34m\u001b[0m\u001b[0m\n","\u001b[0;32m/usr/local/lib/python3.12/dist-packages/pandas/core/groupby/groupby.py\u001b[0m in \u001b[0;36m_cython_agg_general\u001b[0;34m(self, how, alt, numeric_only, min_count, **kwargs)\u001b[0m\n\u001b[1;32m   1996\u001b[0m             \u001b[0;32mreturn\u001b[0m \u001b[0mresult\u001b[0m\u001b[0;34m\u001b[0m\u001b[0;34m\u001b[0m\u001b[0m\n\u001b[1;32m   1997\u001b[0m \u001b[0;34m\u001b[0m\u001b[0m\n\u001b[0;32m-> 1998\u001b[0;31m         \u001b[0mnew_mgr\u001b[0m \u001b[0;34m=\u001b[0m \u001b[0mdata\u001b[0m\u001b[0;34m.\u001b[0m\u001b[0mgrouped_reduce\u001b[0m\u001b[0;34m(\u001b[0m\u001b[0marray_func\u001b[0m\u001b[0;34m)\u001b[0m\u001b[0;34m\u001b[0m\u001b[0;34m\u001b[0m\u001b[0m\n\u001b[0m\u001b[1;32m   1999\u001b[0m         \u001b[0mres\u001b[0m \u001b[0;34m=\u001b[0m \u001b[0mself\u001b[0m\u001b[0;34m.\u001b[0m\u001b[0m_wrap_agged_manager\u001b[0m\u001b[0;34m(\u001b[0m\u001b[0mnew_mgr\u001b[0m\u001b[0;34m)\u001b[0m\u001b[0;34m\u001b[0m\u001b[0;34m\u001b[0m\u001b[0m\n\u001b[1;32m   2000\u001b[0m         \u001b[0;32mif\u001b[0m \u001b[0mhow\u001b[0m \u001b[0;32min\u001b[0m \u001b[0;34m[\u001b[0m\u001b[0;34m\"idxmin\"\u001b[0m\u001b[0;34m,\u001b[0m \u001b[0;34m\"idxmax\"\u001b[0m\u001b[0;34m]\u001b[0m\u001b[0;34m:\u001b[0m\u001b[0;34m\u001b[0m\u001b[0;34m\u001b[0m\u001b[0m\n","\u001b[0;32m/usr/local/lib/python3.12/dist-packages/pandas/core/internals/base.py\u001b[0m in \u001b[0;36mgrouped_reduce\u001b[0;34m(self, func)\u001b[0m\n\u001b[1;32m    365\u001b[0m     \u001b[0;32mdef\u001b[0m \u001b[0mgrouped_reduce\u001b[0m\u001b[0;34m(\u001b[0m\u001b[0mself\u001b[0m\u001b[0;34m,\u001b[0m \u001b[0mfunc\u001b[0m\u001b[0;34m)\u001b[0m\u001b[0;34m:\u001b[0m\u001b[0;34m\u001b[0m\u001b[0;34m\u001b[0m\u001b[0m\n\u001b[1;32m    366\u001b[0m         \u001b[0marr\u001b[0m \u001b[0;34m=\u001b[0m \u001b[0mself\u001b[0m\u001b[0;34m.\u001b[0m\u001b[0marray\u001b[0m\u001b[0;34m\u001b[0m\u001b[0;34m\u001b[0m\u001b[0m\n\u001b[0;32m--> 367\u001b[0;31m         \u001b[0mres\u001b[0m \u001b[0;34m=\u001b[0m \u001b[0mfunc\u001b[0m\u001b[0;34m(\u001b[0m\u001b[0marr\u001b[0m\u001b[0;34m)\u001b[0m\u001b[0;34m\u001b[0m\u001b[0;34m\u001b[0m\u001b[0m\n\u001b[0m\u001b[1;32m    368\u001b[0m         \u001b[0mindex\u001b[0m \u001b[0;34m=\u001b[0m \u001b[0mdefault_index\u001b[0m\u001b[0;34m(\u001b[0m\u001b[0mlen\u001b[0m\u001b[0;34m(\u001b[0m\u001b[0mres\u001b[0m\u001b[0;34m)\u001b[0m\u001b[0;34m)\u001b[0m\u001b[0;34m\u001b[0m\u001b[0;34m\u001b[0m\u001b[0m\n\u001b[1;32m    369\u001b[0m \u001b[0;34m\u001b[0m\u001b[0m\n","\u001b[0;32m/usr/local/lib/python3.12/dist-packages/pandas/core/groupby/groupby.py\u001b[0m in \u001b[0;36marray_func\u001b[0;34m(values)\u001b[0m\n\u001b[1;32m   1993\u001b[0m \u001b[0;34m\u001b[0m\u001b[0m\n\u001b[1;32m   1994\u001b[0m             \u001b[0;32massert\u001b[0m \u001b[0malt\u001b[0m \u001b[0;32mis\u001b[0m \u001b[0;32mnot\u001b[0m \u001b[0;32mNone\u001b[0m\u001b[0;34m\u001b[0m\u001b[0;34m\u001b[0m\u001b[0m\n\u001b[0;32m-> 1995\u001b[0;31m             \u001b[0mresult\u001b[0m \u001b[0;34m=\u001b[0m \u001b[0mself\u001b[0m\u001b[0;34m.\u001b[0m\u001b[0m_agg_py_fallback\u001b[0m\u001b[0;34m(\u001b[0m\u001b[0mhow\u001b[0m\u001b[0;34m,\u001b[0m \u001b[0mvalues\u001b[0m\u001b[0;34m,\u001b[0m \u001b[0mndim\u001b[0m\u001b[0;34m=\u001b[0m\u001b[0mdata\u001b[0m\u001b[0;34m.\u001b[0m\u001b[0mndim\u001b[0m\u001b[0;34m,\u001b[0m \u001b[0malt\u001b[0m\u001b[0;34m=\u001b[0m\u001b[0malt\u001b[0m\u001b[0;34m)\u001b[0m\u001b[0;34m\u001b[0m\u001b[0;34m\u001b[0m\u001b[0m\n\u001b[0m\u001b[1;32m   1996\u001b[0m             \u001b[0;32mreturn\u001b[0m \u001b[0mresult\u001b[0m\u001b[0;34m\u001b[0m\u001b[0;34m\u001b[0m\u001b[0m\n\u001b[1;32m   1997\u001b[0m \u001b[0;34m\u001b[0m\u001b[0m\n","\u001b[0;32m/usr/local/lib/python3.12/dist-packages/pandas/core/groupby/groupby.py\u001b[0m in \u001b[0;36m_agg_py_fallback\u001b[0;34m(self, how, values, ndim, alt)\u001b[0m\n\u001b[1;32m   1944\u001b[0m             \u001b[0mmsg\u001b[0m \u001b[0;34m=\u001b[0m \u001b[0;34mf\"agg function failed [how->{how},dtype->{ser.dtype}]\"\u001b[0m\u001b[0;34m\u001b[0m\u001b[0;34m\u001b[0m\u001b[0m\n\u001b[1;32m   1945\u001b[0m             \u001b[0;31m# preserve the kind of exception that raised\u001b[0m\u001b[0;34m\u001b[0m\u001b[0;34m\u001b[0m\u001b[0m\n\u001b[0;32m-> 1946\u001b[0;31m             \u001b[0;32mraise\u001b[0m \u001b[0mtype\u001b[0m\u001b[0;34m(\u001b[0m\u001b[0merr\u001b[0m\u001b[0;34m)\u001b[0m\u001b[0;34m(\u001b[0m\u001b[0mmsg\u001b[0m\u001b[0;34m)\u001b[0m \u001b[0;32mfrom\u001b[0m \u001b[0merr\u001b[0m\u001b[0;34m\u001b[0m\u001b[0;34m\u001b[0m\u001b[0m\n\u001b[0m\u001b[1;32m   1947\u001b[0m \u001b[0;34m\u001b[0m\u001b[0m\n\u001b[1;32m   1948\u001b[0m         \u001b[0;32mif\u001b[0m \u001b[0mser\u001b[0m\u001b[0;34m.\u001b[0m\u001b[0mdtype\u001b[0m \u001b[0;34m==\u001b[0m \u001b[0mobject\u001b[0m\u001b[0;34m:\u001b[0m\u001b[0;34m\u001b[0m\u001b[0;34m\u001b[0m\u001b[0m\n","\u001b[0;31mTypeError\u001b[0m: agg function failed [how->mean,dtype->object]"]}]},{"cell_type":"code","source":["best_product = df.loc[df['Profit'].idxmax(), 'Product Name']\n","print(f\"5. Most Profitable Product: {best_product}\")"],"metadata":{"colab":{"base_uri":"https://localhost:8080/","height":547},"id":"y128G94iAouQ","executionInfo":{"status":"error","timestamp":1766775238160,"user_tz":-330,"elapsed":141,"user":{"displayName":"Om Kalathiya","userId":"06926395300130970487"}},"outputId":"904bace7-78f9-403e-88d4-272df1eb651b"},"execution_count":29,"outputs":[{"output_type":"error","ename":"KeyError","evalue":"'Profit'","traceback":["\u001b[0;31m---------------------------------------------------------------------------\u001b[0m","\u001b[0;31mKeyError\u001b[0m                                  Traceback (most recent call last)","\u001b[0;32m/usr/local/lib/python3.12/dist-packages/pandas/core/indexes/base.py\u001b[0m in \u001b[0;36mget_loc\u001b[0;34m(self, key)\u001b[0m\n\u001b[1;32m   3804\u001b[0m         \u001b[0;32mtry\u001b[0m\u001b[0;34m:\u001b[0m\u001b[0;34m\u001b[0m\u001b[0;34m\u001b[0m\u001b[0m\n\u001b[0;32m-> 3805\u001b[0;31m             \u001b[0;32mreturn\u001b[0m \u001b[0mself\u001b[0m\u001b[0;34m.\u001b[0m\u001b[0m_engine\u001b[0m\u001b[0;34m.\u001b[0m\u001b[0mget_loc\u001b[0m\u001b[0;34m(\u001b[0m\u001b[0mcasted_key\u001b[0m\u001b[0;34m)\u001b[0m\u001b[0;34m\u001b[0m\u001b[0;34m\u001b[0m\u001b[0m\n\u001b[0m\u001b[1;32m   3806\u001b[0m         \u001b[0;32mexcept\u001b[0m \u001b[0mKeyError\u001b[0m \u001b[0;32mas\u001b[0m \u001b[0merr\u001b[0m\u001b[0;34m:\u001b[0m\u001b[0;34m\u001b[0m\u001b[0;34m\u001b[0m\u001b[0m\n","\u001b[0;32mindex.pyx\u001b[0m in \u001b[0;36mpandas._libs.index.IndexEngine.get_loc\u001b[0;34m()\u001b[0m\n","\u001b[0;32mindex.pyx\u001b[0m in \u001b[0;36mpandas._libs.index.IndexEngine.get_loc\u001b[0;34m()\u001b[0m\n","\u001b[0;32mpandas/_libs/hashtable_class_helper.pxi\u001b[0m in \u001b[0;36mpandas._libs.hashtable.PyObjectHashTable.get_item\u001b[0;34m()\u001b[0m\n","\u001b[0;32mpandas/_libs/hashtable_class_helper.pxi\u001b[0m in \u001b[0;36mpandas._libs.hashtable.PyObjectHashTable.get_item\u001b[0;34m()\u001b[0m\n","\u001b[0;31mKeyError\u001b[0m: 'Profit'","\nThe above exception was the direct cause of the following exception:\n","\u001b[0;31mKeyError\u001b[0m                                  Traceback (most recent call last)","\u001b[0;32m/tmp/ipython-input-2896525356.py\u001b[0m in \u001b[0;36m<cell line: 0>\u001b[0;34m()\u001b[0m\n\u001b[0;32m----> 1\u001b[0;31m \u001b[0mbest_product\u001b[0m \u001b[0;34m=\u001b[0m \u001b[0mdf\u001b[0m\u001b[0;34m.\u001b[0m\u001b[0mloc\u001b[0m\u001b[0;34m[\u001b[0m\u001b[0mdf\u001b[0m\u001b[0;34m[\u001b[0m\u001b[0;34m'Profit'\u001b[0m\u001b[0;34m]\u001b[0m\u001b[0;34m.\u001b[0m\u001b[0midxmax\u001b[0m\u001b[0;34m(\u001b[0m\u001b[0;34m)\u001b[0m\u001b[0;34m,\u001b[0m \u001b[0;34m'Product Name'\u001b[0m\u001b[0;34m]\u001b[0m\u001b[0;34m\u001b[0m\u001b[0;34m\u001b[0m\u001b[0m\n\u001b[0m\u001b[1;32m      2\u001b[0m \u001b[0mprint\u001b[0m\u001b[0;34m(\u001b[0m\u001b[0;34mf\"5. Most Profitable Product: {best_product}\"\u001b[0m\u001b[0;34m)\u001b[0m\u001b[0;34m\u001b[0m\u001b[0;34m\u001b[0m\u001b[0m\n","\u001b[0;32m/usr/local/lib/python3.12/dist-packages/pandas/core/frame.py\u001b[0m in \u001b[0;36m__getitem__\u001b[0;34m(self, key)\u001b[0m\n\u001b[1;32m   4100\u001b[0m             \u001b[0;32mif\u001b[0m \u001b[0mself\u001b[0m\u001b[0;34m.\u001b[0m\u001b[0mcolumns\u001b[0m\u001b[0;34m.\u001b[0m\u001b[0mnlevels\u001b[0m \u001b[0;34m>\u001b[0m \u001b[0;36m1\u001b[0m\u001b[0;34m:\u001b[0m\u001b[0;34m\u001b[0m\u001b[0;34m\u001b[0m\u001b[0m\n\u001b[1;32m   4101\u001b[0m                 \u001b[0;32mreturn\u001b[0m \u001b[0mself\u001b[0m\u001b[0;34m.\u001b[0m\u001b[0m_getitem_multilevel\u001b[0m\u001b[0;34m(\u001b[0m\u001b[0mkey\u001b[0m\u001b[0;34m)\u001b[0m\u001b[0;34m\u001b[0m\u001b[0;34m\u001b[0m\u001b[0m\n\u001b[0;32m-> 4102\u001b[0;31m             \u001b[0mindexer\u001b[0m \u001b[0;34m=\u001b[0m \u001b[0mself\u001b[0m\u001b[0;34m.\u001b[0m\u001b[0mcolumns\u001b[0m\u001b[0;34m.\u001b[0m\u001b[0mget_loc\u001b[0m\u001b[0;34m(\u001b[0m\u001b[0mkey\u001b[0m\u001b[0;34m)\u001b[0m\u001b[0;34m\u001b[0m\u001b[0;34m\u001b[0m\u001b[0m\n\u001b[0m\u001b[1;32m   4103\u001b[0m             \u001b[0;32mif\u001b[0m \u001b[0mis_integer\u001b[0m\u001b[0;34m(\u001b[0m\u001b[0mindexer\u001b[0m\u001b[0;34m)\u001b[0m\u001b[0;34m:\u001b[0m\u001b[0;34m\u001b[0m\u001b[0;34m\u001b[0m\u001b[0m\n\u001b[1;32m   4104\u001b[0m                 \u001b[0mindexer\u001b[0m \u001b[0;34m=\u001b[0m \u001b[0;34m[\u001b[0m\u001b[0mindexer\u001b[0m\u001b[0;34m]\u001b[0m\u001b[0;34m\u001b[0m\u001b[0;34m\u001b[0m\u001b[0m\n","\u001b[0;32m/usr/local/lib/python3.12/dist-packages/pandas/core/indexes/base.py\u001b[0m in \u001b[0;36mget_loc\u001b[0;34m(self, key)\u001b[0m\n\u001b[1;32m   3810\u001b[0m             ):\n\u001b[1;32m   3811\u001b[0m                 \u001b[0;32mraise\u001b[0m \u001b[0mInvalidIndexError\u001b[0m\u001b[0;34m(\u001b[0m\u001b[0mkey\u001b[0m\u001b[0;34m)\u001b[0m\u001b[0;34m\u001b[0m\u001b[0;34m\u001b[0m\u001b[0m\n\u001b[0;32m-> 3812\u001b[0;31m             \u001b[0;32mraise\u001b[0m \u001b[0mKeyError\u001b[0m\u001b[0;34m(\u001b[0m\u001b[0mkey\u001b[0m\u001b[0;34m)\u001b[0m \u001b[0;32mfrom\u001b[0m \u001b[0merr\u001b[0m\u001b[0;34m\u001b[0m\u001b[0;34m\u001b[0m\u001b[0m\n\u001b[0m\u001b[1;32m   3813\u001b[0m         \u001b[0;32mexcept\u001b[0m \u001b[0mTypeError\u001b[0m\u001b[0;34m:\u001b[0m\u001b[0;34m\u001b[0m\u001b[0;34m\u001b[0m\u001b[0m\n\u001b[1;32m   3814\u001b[0m             \u001b[0;31m# If we have a listlike key, _check_indexing_error will raise\u001b[0m\u001b[0;34m\u001b[0m\u001b[0;34m\u001b[0m\u001b[0m\n","\u001b[0;31mKeyError\u001b[0m: 'Profit'"]}]},{"cell_type":"code","source":["avg_ship_days = df['Shipping Duration'].mean()\n","print(f\"6. Average Shipping Duration: {avg_ship_days:.1f} days\")"],"metadata":{"colab":{"base_uri":"https://localhost:8080/"},"id":"QSTr51cfAqrG","executionInfo":{"status":"ok","timestamp":1766775558858,"user_tz":-330,"elapsed":57,"user":{"displayName":"Om Kalathiya","userId":"06926395300130970487"}},"outputId":"78ae200e-df4f-43d0-9ca4-267e21615100"},"execution_count":38,"outputs":[{"output_type":"stream","name":"stdout","text":["6. Average Shipping Duration: 1.8 days\n"]}]},{"cell_type":"code","source":["corr_ship_profit = df['Shipping Duration'].corr(df['Profit Margin'])\n","print(f\"7. Correlation (Ship Time vs Profit): {corr_ship_profit:.3f} (Close to 0 means little impact)\")"],"metadata":{"colab":{"base_uri":"https://localhost:8080/","height":304},"id":"ADwtrSQTB4_y","executionInfo":{"status":"error","timestamp":1766775568025,"user_tz":-330,"elapsed":42,"user":{"displayName":"Om Kalathiya","userId":"06926395300130970487"}},"outputId":"2ca7799b-96ab-4ce8-c260-a8a600f06403"},"execution_count":39,"outputs":[{"output_type":"error","ename":"ValueError","evalue":"could not convert string to float: '$144.47'","traceback":["\u001b[0;31m---------------------------------------------------------------------------\u001b[0m","\u001b[0;31mValueError\u001b[0m                                Traceback (most recent call last)","\u001b[0;32m/tmp/ipython-input-3024981034.py\u001b[0m in \u001b[0;36m<cell line: 0>\u001b[0;34m()\u001b[0m\n\u001b[0;32m----> 1\u001b[0;31m \u001b[0mcorr_ship_profit\u001b[0m \u001b[0;34m=\u001b[0m \u001b[0mdf\u001b[0m\u001b[0;34m[\u001b[0m\u001b[0;34m'Shipping Duration'\u001b[0m\u001b[0;34m]\u001b[0m\u001b[0;34m.\u001b[0m\u001b[0mcorr\u001b[0m\u001b[0;34m(\u001b[0m\u001b[0mdf\u001b[0m\u001b[0;34m[\u001b[0m\u001b[0;34m'Profit Margin'\u001b[0m\u001b[0;34m]\u001b[0m\u001b[0;34m)\u001b[0m\u001b[0;34m\u001b[0m\u001b[0;34m\u001b[0m\u001b[0m\n\u001b[0m\u001b[1;32m      2\u001b[0m \u001b[0mprint\u001b[0m\u001b[0;34m(\u001b[0m\u001b[0;34mf\"7. Correlation (Ship Time vs Profit): {corr_ship_profit:.3f} (Close to 0 means little impact)\"\u001b[0m\u001b[0;34m)\u001b[0m\u001b[0;34m\u001b[0m\u001b[0;34m\u001b[0m\u001b[0m\n","\u001b[0;32m/usr/local/lib/python3.12/dist-packages/pandas/core/series.py\u001b[0m in \u001b[0;36mcorr\u001b[0;34m(self, other, method, min_periods)\u001b[0m\n\u001b[1;32m   2972\u001b[0m \u001b[0;34m\u001b[0m\u001b[0m\n\u001b[1;32m   2973\u001b[0m         \u001b[0mthis_values\u001b[0m \u001b[0;34m=\u001b[0m \u001b[0mthis\u001b[0m\u001b[0;34m.\u001b[0m\u001b[0mto_numpy\u001b[0m\u001b[0;34m(\u001b[0m\u001b[0mdtype\u001b[0m\u001b[0;34m=\u001b[0m\u001b[0mfloat\u001b[0m\u001b[0;34m,\u001b[0m \u001b[0mna_value\u001b[0m\u001b[0;34m=\u001b[0m\u001b[0mnp\u001b[0m\u001b[0;34m.\u001b[0m\u001b[0mnan\u001b[0m\u001b[0;34m,\u001b[0m \u001b[0mcopy\u001b[0m\u001b[0;34m=\u001b[0m\u001b[0;32mFalse\u001b[0m\u001b[0;34m)\u001b[0m\u001b[0;34m\u001b[0m\u001b[0;34m\u001b[0m\u001b[0m\n\u001b[0;32m-> 2974\u001b[0;31m         \u001b[0mother_values\u001b[0m \u001b[0;34m=\u001b[0m \u001b[0mother\u001b[0m\u001b[0;34m.\u001b[0m\u001b[0mto_numpy\u001b[0m\u001b[0;34m(\u001b[0m\u001b[0mdtype\u001b[0m\u001b[0;34m=\u001b[0m\u001b[0mfloat\u001b[0m\u001b[0;34m,\u001b[0m \u001b[0mna_value\u001b[0m\u001b[0;34m=\u001b[0m\u001b[0mnp\u001b[0m\u001b[0;34m.\u001b[0m\u001b[0mnan\u001b[0m\u001b[0;34m,\u001b[0m \u001b[0mcopy\u001b[0m\u001b[0;34m=\u001b[0m\u001b[0;32mFalse\u001b[0m\u001b[0;34m)\u001b[0m\u001b[0;34m\u001b[0m\u001b[0;34m\u001b[0m\u001b[0m\n\u001b[0m\u001b[1;32m   2975\u001b[0m \u001b[0;34m\u001b[0m\u001b[0m\n\u001b[1;32m   2976\u001b[0m         \u001b[0;32mif\u001b[0m \u001b[0mmethod\u001b[0m \u001b[0;32min\u001b[0m \u001b[0;34m[\u001b[0m\u001b[0;34m\"pearson\"\u001b[0m\u001b[0;34m,\u001b[0m \u001b[0;34m\"spearman\"\u001b[0m\u001b[0;34m,\u001b[0m \u001b[0;34m\"kendall\"\u001b[0m\u001b[0;34m]\u001b[0m \u001b[0;32mor\u001b[0m \u001b[0mcallable\u001b[0m\u001b[0;34m(\u001b[0m\u001b[0mmethod\u001b[0m\u001b[0;34m)\u001b[0m\u001b[0;34m:\u001b[0m\u001b[0;34m\u001b[0m\u001b[0;34m\u001b[0m\u001b[0m\n","\u001b[0;32m/usr/local/lib/python3.12/dist-packages/pandas/core/base.py\u001b[0m in \u001b[0;36mto_numpy\u001b[0;34m(self, dtype, copy, na_value, **kwargs)\u001b[0m\n\u001b[1;32m    660\u001b[0m             \u001b[0mvalues\u001b[0m\u001b[0;34m[\u001b[0m\u001b[0mnp\u001b[0m\u001b[0;34m.\u001b[0m\u001b[0masanyarray\u001b[0m\u001b[0;34m(\u001b[0m\u001b[0misna\u001b[0m\u001b[0;34m(\u001b[0m\u001b[0mself\u001b[0m\u001b[0;34m)\u001b[0m\u001b[0;34m)\u001b[0m\u001b[0;34m]\u001b[0m \u001b[0;34m=\u001b[0m \u001b[0mna_value\u001b[0m\u001b[0;34m\u001b[0m\u001b[0;34m\u001b[0m\u001b[0m\n\u001b[1;32m    661\u001b[0m \u001b[0;34m\u001b[0m\u001b[0m\n\u001b[0;32m--> 662\u001b[0;31m         \u001b[0mresult\u001b[0m \u001b[0;34m=\u001b[0m \u001b[0mnp\u001b[0m\u001b[0;34m.\u001b[0m\u001b[0masarray\u001b[0m\u001b[0;34m(\u001b[0m\u001b[0mvalues\u001b[0m\u001b[0;34m,\u001b[0m \u001b[0mdtype\u001b[0m\u001b[0;34m=\u001b[0m\u001b[0mdtype\u001b[0m\u001b[0;34m)\u001b[0m\u001b[0;34m\u001b[0m\u001b[0;34m\u001b[0m\u001b[0m\n\u001b[0m\u001b[1;32m    663\u001b[0m \u001b[0;34m\u001b[0m\u001b[0m\n\u001b[1;32m    664\u001b[0m         \u001b[0;32mif\u001b[0m \u001b[0;34m(\u001b[0m\u001b[0mcopy\u001b[0m \u001b[0;32mand\u001b[0m \u001b[0;32mnot\u001b[0m \u001b[0mfillna\u001b[0m\u001b[0;34m)\u001b[0m \u001b[0;32mor\u001b[0m \u001b[0;34m(\u001b[0m\u001b[0;32mnot\u001b[0m \u001b[0mcopy\u001b[0m \u001b[0;32mand\u001b[0m \u001b[0musing_copy_on_write\u001b[0m\u001b[0;34m(\u001b[0m\u001b[0;34m)\u001b[0m\u001b[0;34m)\u001b[0m\u001b[0;34m:\u001b[0m\u001b[0;34m\u001b[0m\u001b[0;34m\u001b[0m\u001b[0m\n","\u001b[0;31mValueError\u001b[0m: could not convert string to float: '$144.47'"]}]},{"cell_type":"code","source":["top_city = df.groupby('City')['Total'].sum().idxmax()\n","print(f\"8. City with Highest Revenue: {top_city}\")"],"metadata":{"colab":{"base_uri":"https://localhost:8080/"},"id":"vvhue4LbB7O1","executionInfo":{"status":"ok","timestamp":1766775580418,"user_tz":-330,"elapsed":11,"user":{"displayName":"Om Kalathiya","userId":"06926395300130970487"}},"outputId":"d9b4da67-6b7e-4f0b-91f8-f24df8871375"},"execution_count":40,"outputs":[{"output_type":"stream","name":"stdout","text":["8. City with Highest Revenue: Sydney\n"]}]},{"cell_type":"code","source":["top_manager = df.groupby('Account Manager')['Total'].sum().idxmax()\n","print(f\"9. Top Account Manager: {top_manager}\")"],"metadata":{"colab":{"base_uri":"https://localhost:8080/"},"id":"clK1hwFuB-MK","executionInfo":{"status":"ok","timestamp":1766775588630,"user_tz":-330,"elapsed":48,"user":{"displayName":"Om Kalathiya","userId":"06926395300130970487"}},"outputId":"b6d2b577-5769-463d-8e63-646f83a6b6d6"},"execution_count":41,"outputs":[{"output_type":"stream","name":"stdout","text":["9. Top Account Manager: Connor Betts\n"]}]},{"cell_type":"code","source":["cheapest_mode = df.groupby('Ship Mode')['Shipping Cost'].mean().idxmin()\n","print(f\"10. Cheapest Shipping Mode: {cheapest_mode}\")"],"metadata":{"colab":{"base_uri":"https://localhost:8080/"},"id":"X1vHaSmSB_4b","executionInfo":{"status":"ok","timestamp":1766775596781,"user_tz":-330,"elapsed":8,"user":{"displayName":"Om Kalathiya","userId":"06926395300130970487"}},"outputId":"9d1ea533-1e4a-4a88-8e20-ad60799d40fe"},"execution_count":42,"outputs":[{"output_type":"stream","name":"stdout","text":["10. Cheapest Shipping Mode: Express Air\n"]}]},{"cell_type":"code","source":["if 'Discount' in df.columns:\n","    corr_disc_profit = df['Discount'].corr(df['Profit'])\n","    print(f\"11. Correlation (Discount vs Profit): {corr_disc_profit:.3f}\")\n","else:\n","    print(\"11. 'Discount' column not found.\")"],"metadata":{"colab":{"base_uri":"https://localhost:8080/"},"id":"Wzn1bcmHCCMx","executionInfo":{"status":"ok","timestamp":1766775605686,"user_tz":-330,"elapsed":50,"user":{"displayName":"Om Kalathiya","userId":"06926395300130970487"}},"outputId":"ef47e7fb-0807-4cd3-c7bc-fc60e31fb451"},"execution_count":43,"outputs":[{"output_type":"stream","name":"stdout","text":["11. 'Discount' column not found.\n"]}]},{"cell_type":"code","source":["state_col = 'State' if 'State' in df.columns else 'Province'\n","if state_col in df.columns:\n","    top_state = df[state_col].value_counts().idxmax()\n","    print(f\"12. State/Province with most orders: {top_state}\")"],"metadata":{"colab":{"base_uri":"https://localhost:8080/"},"id":"2woQxhmtCEbs","executionInfo":{"status":"ok","timestamp":1766775619290,"user_tz":-330,"elapsed":45,"user":{"displayName":"Om Kalathiya","userId":"06926395300130970487"}},"outputId":"ac45d3b7-ce8c-422e-c2bf-7bd26239dcce"},"execution_count":44,"outputs":[{"output_type":"stream","name":"stdout","text":["12. State/Province with most orders: NSW\n"]}]},{"cell_type":"code","source":["if 'Discount' in df.columns:\n","    print(f\"13. Average Discount: {df['Discount'].mean():.2%}\")"],"metadata":{"id":"rrJ7ReyrCH3W","executionInfo":{"status":"ok","timestamp":1766775627812,"user_tz":-330,"elapsed":34,"user":{"displayName":"Om Kalathiya","userId":"06926395300130970487"}}},"execution_count":45,"outputs":[]},{"cell_type":"code","source":["print(f\"14. Average Spend per Order: ${df['Total'].mean():.2f}\")"],"metadata":{"colab":{"base_uri":"https://localhost:8080/"},"id":"mFIUimVSCJz2","executionInfo":{"status":"ok","timestamp":1766775634851,"user_tz":-330,"elapsed":30,"user":{"displayName":"Om Kalathiya","userId":"06926395300130970487"}},"outputId":"13d969f3-8b42-422e-e7cf-2ae0604670a7"},"execution_count":46,"outputs":[{"output_type":"stream","name":"stdout","text":["14. Average Spend per Order: $746.31\n"]}]},{"cell_type":"code","source":["container_profit = df.groupby('Product Container')['Profit'].mean().sort_values(ascending=False).head(3)\n","print(f\"15. Top 3 Most Profitable Containers:\\n{container_profit}\")"],"metadata":{"colab":{"base_uri":"https://localhost:8080/","height":304},"id":"9vO_A8x3CLjh","executionInfo":{"status":"error","timestamp":1766775641645,"user_tz":-330,"elapsed":14,"user":{"displayName":"Om Kalathiya","userId":"06926395300130970487"}},"outputId":"4edeac9c-cf14-4272-b3dd-4124e53cff89"},"execution_count":47,"outputs":[{"output_type":"error","ename":"KeyError","evalue":"'Column not found: Profit'","traceback":["\u001b[0;31m---------------------------------------------------------------------------\u001b[0m","\u001b[0;31mKeyError\u001b[0m                                  Traceback (most recent call last)","\u001b[0;32m/tmp/ipython-input-1906386377.py\u001b[0m in \u001b[0;36m<cell line: 0>\u001b[0;34m()\u001b[0m\n\u001b[0;32m----> 1\u001b[0;31m \u001b[0mcontainer_profit\u001b[0m \u001b[0;34m=\u001b[0m \u001b[0mdf\u001b[0m\u001b[0;34m.\u001b[0m\u001b[0mgroupby\u001b[0m\u001b[0;34m(\u001b[0m\u001b[0;34m'Product Container'\u001b[0m\u001b[0;34m)\u001b[0m\u001b[0;34m[\u001b[0m\u001b[0;34m'Profit'\u001b[0m\u001b[0;34m]\u001b[0m\u001b[0;34m.\u001b[0m\u001b[0mmean\u001b[0m\u001b[0;34m(\u001b[0m\u001b[0;34m)\u001b[0m\u001b[0;34m.\u001b[0m\u001b[0msort_values\u001b[0m\u001b[0;34m(\u001b[0m\u001b[0mascending\u001b[0m\u001b[0;34m=\u001b[0m\u001b[0;32mFalse\u001b[0m\u001b[0;34m)\u001b[0m\u001b[0;34m.\u001b[0m\u001b[0mhead\u001b[0m\u001b[0;34m(\u001b[0m\u001b[0;36m3\u001b[0m\u001b[0;34m)\u001b[0m\u001b[0;34m\u001b[0m\u001b[0;34m\u001b[0m\u001b[0m\n\u001b[0m\u001b[1;32m      2\u001b[0m \u001b[0mprint\u001b[0m\u001b[0;34m(\u001b[0m\u001b[0;34mf\"15. Top 3 Most Profitable Containers:\\n{container_profit}\"\u001b[0m\u001b[0;34m)\u001b[0m\u001b[0;34m\u001b[0m\u001b[0;34m\u001b[0m\u001b[0m\n","\u001b[0;32m/usr/local/lib/python3.12/dist-packages/pandas/core/groupby/generic.py\u001b[0m in \u001b[0;36m__getitem__\u001b[0;34m(self, key)\u001b[0m\n\u001b[1;32m   1949\u001b[0m                 \u001b[0;34m\"Use a list instead.\"\u001b[0m\u001b[0;34m\u001b[0m\u001b[0;34m\u001b[0m\u001b[0m\n\u001b[1;32m   1950\u001b[0m             )\n\u001b[0;32m-> 1951\u001b[0;31m         \u001b[0;32mreturn\u001b[0m \u001b[0msuper\u001b[0m\u001b[0;34m(\u001b[0m\u001b[0;34m)\u001b[0m\u001b[0;34m.\u001b[0m\u001b[0m__getitem__\u001b[0m\u001b[0;34m(\u001b[0m\u001b[0mkey\u001b[0m\u001b[0;34m)\u001b[0m\u001b[0;34m\u001b[0m\u001b[0;34m\u001b[0m\u001b[0m\n\u001b[0m\u001b[1;32m   1952\u001b[0m \u001b[0;34m\u001b[0m\u001b[0m\n\u001b[1;32m   1953\u001b[0m     \u001b[0;32mdef\u001b[0m \u001b[0m_gotitem\u001b[0m\u001b[0;34m(\u001b[0m\u001b[0mself\u001b[0m\u001b[0;34m,\u001b[0m \u001b[0mkey\u001b[0m\u001b[0;34m,\u001b[0m \u001b[0mndim\u001b[0m\u001b[0;34m:\u001b[0m \u001b[0mint\u001b[0m\u001b[0;34m,\u001b[0m \u001b[0msubset\u001b[0m\u001b[0;34m=\u001b[0m\u001b[0;32mNone\u001b[0m\u001b[0;34m)\u001b[0m\u001b[0;34m:\u001b[0m\u001b[0;34m\u001b[0m\u001b[0;34m\u001b[0m\u001b[0m\n","\u001b[0;32m/usr/local/lib/python3.12/dist-packages/pandas/core/base.py\u001b[0m in \u001b[0;36m__getitem__\u001b[0;34m(self, key)\u001b[0m\n\u001b[1;32m    242\u001b[0m         \u001b[0;32melse\u001b[0m\u001b[0;34m:\u001b[0m\u001b[0;34m\u001b[0m\u001b[0;34m\u001b[0m\u001b[0m\n\u001b[1;32m    243\u001b[0m             \u001b[0;32mif\u001b[0m \u001b[0mkey\u001b[0m \u001b[0;32mnot\u001b[0m \u001b[0;32min\u001b[0m \u001b[0mself\u001b[0m\u001b[0;34m.\u001b[0m\u001b[0mobj\u001b[0m\u001b[0;34m:\u001b[0m\u001b[0;34m\u001b[0m\u001b[0;34m\u001b[0m\u001b[0m\n\u001b[0;32m--> 244\u001b[0;31m                 \u001b[0;32mraise\u001b[0m \u001b[0mKeyError\u001b[0m\u001b[0;34m(\u001b[0m\u001b[0;34mf\"Column not found: {key}\"\u001b[0m\u001b[0;34m)\u001b[0m\u001b[0;34m\u001b[0m\u001b[0;34m\u001b[0m\u001b[0m\n\u001b[0m\u001b[1;32m    245\u001b[0m             \u001b[0mndim\u001b[0m \u001b[0;34m=\u001b[0m \u001b[0mself\u001b[0m\u001b[0;34m.\u001b[0m\u001b[0mobj\u001b[0m\u001b[0;34m[\u001b[0m\u001b[0mkey\u001b[0m\u001b[0;34m]\u001b[0m\u001b[0;34m.\u001b[0m\u001b[0mndim\u001b[0m\u001b[0;34m\u001b[0m\u001b[0;34m\u001b[0m\u001b[0m\n\u001b[1;32m    246\u001b[0m             \u001b[0;32mreturn\u001b[0m \u001b[0mself\u001b[0m\u001b[0;34m.\u001b[0m\u001b[0m_gotitem\u001b[0m\u001b[0;34m(\u001b[0m\u001b[0mkey\u001b[0m\u001b[0;34m,\u001b[0m \u001b[0mndim\u001b[0m\u001b[0;34m=\u001b[0m\u001b[0mndim\u001b[0m\u001b[0;34m)\u001b[0m\u001b[0;34m\u001b[0m\u001b[0;34m\u001b[0m\u001b[0m\n","\u001b[0;31mKeyError\u001b[0m: 'Column not found: Profit'"]}]},{"cell_type":"code","source":[],"metadata":{"id":"1qA2ZXIDCNOO"},"execution_count":null,"outputs":[]}],"metadata":{"colab":{"provenance":[],"authorship_tag":"ABX9TyM0hFawCI5Qgi0aKulRhnFr"},"kernelspec":{"display_name":"Python 3","name":"python3"},"language_info":{"name":"python"}},"nbformat":4,"nbformat_minor":0}